#
# A fatal error has been detected by the Java Runtime Environment:
#
#  EXCEPTION_ACCESS_VIOLATION (0xc0000005) at pc=0x00007ffc34656407, pid=8804, tid=11632
#
# JRE version: OpenJDK Runtime Environment Corretto-11.0.19.7.1 (11.0.19+7) (build 11.0.19+7-LTS)
# Java VM: OpenJDK 64-Bit Server VM Corretto-11.0.19.7.1 (11.0.19+7-LTS, mixed mode, tiered, compressed oops, g1 gc, windows-amd64)
# Problematic frame:
# C  [glass.dll+0x26407]
#
# No core dump will be written. Minidumps are not enabled by default on client versions of Windows
#
# If you would like to submit a bug report, please visit:
#   https://github.com/corretto/corretto-11/issues/
#

---------------  S U M M A R Y ------------

Command Line: -agentlib:jdwp=transport=dt_socket,address=127.0.0.1:49975,suspend=y,server=n -javaagent:C:\Users\Admin\AppData\Local\JetBrains\IntelliJIdea2023.1\captureAgent\debugger-agent.jar -Dfile.encoding=UTF-8 --module-path=C:\Users\Admin\.m2\repository\org\openjfx\javafx-fxml\19.0.2.1\javafx-fxml-19.0.2.1-win.jar;C:\Users\Admin\.m2\repository\org\jetbrains\kotlin\kotlin-stdlib\1.5.10\kotlin-stdlib-1.5.10-modular.jar;C:\Users\Admin\.m2\repository\org\jetbrains\kotlin\kotlin-stdlib\1.6.20\kotlin-stdlib-1.6.20.jar;C:\Users\Admin\.m2\repository\com\fasterxml\jackson\core\jackson-core\2.14.2\jackson-core-2.14.2.jar;C:\Users\Admin\.m2\repository\org\apache\httpcomponents\httpmime\4.5.14\httpmime-4.5.14.jar;C:\Users\Admin\.m2\repository\org\kordamp\bootstrapfx\bootstrapfx-core\0.4.0\bootstrapfx-core-0.4.0.jar;C:\Users\Admin\.m2\repository\org\openjfx\javafx-web\19.0.2.1\javafx-web-19.0.2.1-win.jar;C:\Users\Admin\.m2\repository\com\github\almasb\fxgl-entity\11.17\fxgl-entity-11.17.jar;C:\Users\Admin\.m2\repository\commons-codec\commons-codec\1.11\commons-codec-1.11.jar;C:\Users\Admin\.m2\repository\org\projectlombok\lombok-mapstruct-binding\0.2.0\lombok-mapstruct-binding-0.2.0.jar;C:\Users\Admin\.m2\repository\com\fasterxml\jackson\core\jackson-databind\2.14.2\jackson-databind-2.14.2.jar;C:\Users\Admin\.m2\repository\com\squareup\okhttp3\okhttp\4.11.0\okhttp-4.11.0.jar;C:\Users\Admin\.m2\repository\org\kordamp\ikonli\ikonli-javafx\12.3.1\ikonli-javafx-12.3.1.jar;C:\Users\Admin\.m2\repository\com\gluonhq\attach\storage\4.0.9\storage-4.0.9.jar;C:\Users\Admin\.m2\repository\com\github\almasb\fxgl-gameplay\11.17\fxgl-gameplay-11.17.jar;C:\Users\Admin\.m2\repository\de\jensd\fontawesomefx-commons\9.1.2\fontawesomefx-commons-9.1.2.jar;C:\Users\Admin\.m2\repository\com\gluonhq\attach\lifecycle\4.0.9\lifecycle-4.0.9.jar;C:\Users\Admin\.m2\repository\org\openjfx\javafx-graphics\19.0.2.1\javafx-graphics-19.0.2.1-win.jar;C:\Users\Admin\.m2\repository\org\json\json\20230227\json-20230227.jar;C:\Users\Admin\.m2\repository\org\openjfx\javafx-base\19.0.2.1\javafx-base-19.0.2.1-win.jar;C:\Users\Admin\.m2\repository\commons-io\commons-io\2.11.0\commons-io-2.11.0.jar;C:\Users\Admin\.m2\repositor-Djdk.module.main=com.app20222.app20222_fxapp com.app20222.app20222_fxapp/com.app20222.app20222_fxapp.MainApplication

Host: 11th Gen Intel(R) Core(TM) i5-1135G7 @ 2.40GHz, 8 cores, 15G,  Windows 11 , 64 bit Build 22621 (10.0.22621.2070)
Time: Fri Aug 11 17:03:51 2023 SE Asia Standard Time elapsed time: 112.257258 seconds (0d 0h 1m 52s)

---------------  T H R E A D  ---------------

Current thread (0x000002ce7f9c2000):  VMThread "VM Thread" [stack: 0x000000e879000000,0x000000e879100000] [id=11632]

Stack: [0x000000e879000000,0x000000e879100000],  sp=0x000000e8790fecf0,  free space=1019k
Native frames: (J=compiled Java code, j=interpreted, Vv=VM code, C=native code)
C  [glass.dll+0x26407]


siginfo: EXCEPTION_ACCESS_VIOLATION (0xc0000005), reading address 0x0000000000000000


Register to memory mapping:

RIP=0x00007ffc34656407 glass.dll
RAX=0x0 is NULL
RBX=0x000002ce094e1de0 is a global jni handle
RCX=0x000002ce7f9c2000 points into unknown readable memory: 0x00007ffbab4805a8 | a8 05 48 ab fb 7f 00 00
RDX=0x000000e8790fecf0 points into unknown readable memory: 0x0000000000000000 | 00 00 00 00 00 00 00 00
RSP=0x000000e8790fecf0 points into unknown readable memory: 0x0000000000000000 | 00 00 00 00 00 00 00 00
RBP=0x000002ce08cfb9b8 points into unknown readable memory: 0x000047897ac30227 | 27 02 c3 7a 89 47 00 00
RSI=0x000000e8790fedf8 points into unknown readable memory: 0x000000e8790fede0 | e0 ed 0f 79 e8 00 00 00
RDI=0x000002ce08cfb990 points into unknown readable memory: 0x329c6b897afcfc3d | 3d fc fc 7a 89 6b 9c 32
R8 =0x0000000000010002 is an unknown value
R9 =0x000002ce08cfb990 points into unknown readable memory: 0x329c6b897afcfc3d | 3d fc fc 7a 89 6b 9c 32
R10=0x85f13e9656da4870 is an unknown value
R11=0x000000e8790fec80 points into unknown readable memory: 0x000002ce08cfb990 | 90 b9 cf 08 ce 02 00 00
R12=0x00007ffc34653d40 glass.dll
R13=0x000000e800bff1f0 is pointing into the stack for thread: 0x000002ce0f2c0800
R14=0x000047897ac30227 is an unknown value
R15=0x000002ce08cfb990 points into unknown readable memory: 0x329c6b897afcfc3d | 3d fc fc 7a 89 6b 9c 32


Registers:
RAX=0x0000000000000000, RBX=0x000002ce094e1de0, RCX=0x000002ce7f9c2000, RDX=0x000000e8790fecf0
RSP=0x000000e8790fecf0, RBP=0x000002ce08cfb9b8, RSI=0x000000e8790fedf8, RDI=0x000002ce08cfb990
R8 =0x0000000000010002, R9 =0x000002ce08cfb990, R10=0x85f13e9656da4870, R11=0x000000e8790fec80
R12=0x00007ffc34653d40, R13=0x000000e800bff1f0, R14=0x000047897ac30227, R15=0x000002ce08cfb990
RIP=0x00007ffc34656407, EFLAGS=0x0000000000010206

Top of Stack: (sp=0x000000e8790fecf0)
0x000000e8790fecf0:   0000000000000000 000000e8790fedf8
0x000000e8790fed00:   000000e800bff1f0 00007ffc34653d40
0x000000e8790fed10:   000002ce08cfb998 00007ffc63da3a83
0x000000e8790fed20:   000002ce08cfb990 000002ce00000000
0x000000e8790fed30:   000002ce08cfb9b8 000000e8790fedf8
0x000000e8790fed40:   fffffffffffffffe 0000000000000000
0x000000e8790fed50:   0000000000000001 00007ffc34630000
0x000000e8790fed60:   000000e8790fede8 00007ffc63d7006e
0x000000e8790fed70:   0000000000000000 000000e8790fedf8
0x000000e8790fed80:   000000e8790ff0e0 0000000000000001
0x000000e8790fed90:   0000000000000001 00007ffc63d6da1d
0x000000e8790feda0:   0000000000000000 00007ffc34653539
0x000000e8790fedb0:   0000000000000000 000000e8790fede8
0x000000e8790fedc0:   fffffffffffffffe 000000e8790ff000
0x000000e8790fedd0:   0000000000000000 00007ffc34653bcd
0x000000e8790fede0:   00007ffc34669f88 00007ffc00000002 

Instructions: (pc=0x00007ffc34656407)
0x00007ffc34656307:   8b 4d 58 e8 7d cf ff ff 48 8b 4d 60 e8 74 cf ff
0x00007ffc34656317:   ff 48 8b 95 80 00 00 00 48 8b 8d 18 01 00 00 e8
0x00007ffc34656327:   66 c4 ff ff 33 d2 33 c9 e8 bc e1 ff ff 90 48 89
0x00007ffc34656337:   54 24 10 55 48 83 ec 20 48 8b ea 48 b8 00 00 00
0x00007ffc34656347:   00 00 00 00 00 48 83 c4 20 5d c3 cc 40 55 48 8b
0x00007ffc34656357:   ea 48 8b 01 33 c9 81 38 05 00 00 c0 0f 94 c1 8b
0x00007ffc34656367:   c1 5d c3 cc 40 55 48 83 ec 20 48 8b ea 8a 4d 40
0x00007ffc34656377:   48 83 c4 20 5d e9 63 d3 ff ff cc 40 55 48 83 ec
0x00007ffc34656387:   20 48 8b ea 8a 4d 20 e8 51 d3 ff ff 90 48 83 c4
0x00007ffc34656397:   20 5d c3 cc 40 55 48 83 ec 20 48 8b ea 48 83 c4
0x00007ffc346563a7:   20 5d e9 b2 d1 ff ff cc 40 55 48 83 ec 30 48 8b
0x00007ffc346563b7:   ea 48 8b 01 8b 10 48 89 4c 24 28 89 54 24 20 4c
0x00007ffc346563c7:   8d 0d 53 d6 ff ff 4c 8b 45 70 8b 55 68 48 8b 4d
0x00007ffc346563d7:   60 e8 f3 d0 ff ff 90 48 83 c4 30 5d c3 cc cc cc
0x00007ffc346563e7:   cc cc cc cc cc cc cc cc cc 40 53 48 83 ec 20 48
0x00007ffc346563f7:   8b 1d 8b 35 01 00 48 85 db 74 16 e8 79 8b ff ff
0x00007ffc34656407:   4c 8b 00 48 8b d3 48 8b c8 41 ff 90 b0 00 00 00
0x00007ffc34656417:   90 48 83 c4 20 5b c3 cc cc 40 53 48 83 ec 20 48
0x00007ffc34656427:   8b 1d fb 36 01 00 48 85 db 74 57 b8 ff ff ff ff
0x00007ffc34656437:   f0 0f c1 43 10 83 f8 01 75 3d 48 85 db 74 38 48
0x00007ffc34656447:   8b 0b 48 85 c9 74 0d ff 15 54 0e 00 00 48 c7 03
0x00007ffc34656457:   00 00 00 00 48 8b 4b 08 48 85 c9 74 0d e8 23 ce
0x00007ffc34656467:   ff ff 48 c7 43 08 00 00 00 00 ba 18 00 00 00 48
0x00007ffc34656477:   8b cb e8 0e ce ff ff 48 c7 05 9f 36 01 00 00 00
0x00007ffc34656487:   00 00 48 83 c4 20 5b c3 cc 40 53 48 83 ec 20 48
0x00007ffc34656497:   8b 1d 6b 36 01 00 48 85 db 74 57 b8 ff ff ff ff
0x00007ffc346564a7:   f0 0f c1 43 10 83 f8 01 75 3d 48 85 db 74 38 48
0x00007ffc346564b7:   8b 0b 48 85 c9 74 0d ff 15 e4 0d 00 00 48 c7 03
0x00007ffc346564c7:   00 00 00 00 48 8b 4b 08 48 85 c9 74 0d e8 b3 cd
0x00007ffc346564d7:   ff ff 48 c7 43 08 00 00 00 00 ba 18 00 00 00 48
0x00007ffc346564e7:   8b cb e8 9e cd ff ff 48 c7 05 0f 36 01 00 00 00
0x00007ffc346564f7:   00 00 48 83 c4 20 5b c3 cc 40 53 48 83 ec 20 48 


Stack slot to memory mapping:
stack at sp + 0 slots: 0x0 is NULL
stack at sp + 1 slots: 0x000000e8790fedf8 points into unknown readable memory: 0x000000e8790fede0 | e0 ed 0f 79 e8 00 00 00
stack at sp + 2 slots: 0x000000e800bff1f0 is pointing into the stack for thread: 0x000002ce0f2c0800
stack at sp + 3 slots: 0x00007ffc34653d40 glass.dll
stack at sp + 4 slots: 0x000002ce08cfb998 points into unknown readable memory: 0x000047897ac30227 | 27 02 c3 7a 89 47 00 00
stack at sp + 5 slots: 0x00007ffc63da3a83 ucrtbase.dll
stack at sp + 6 slots: 0x000002ce08cfb990 points into unknown readable memory: 0x329c6b897afcfc3d | 3d fc fc 7a 89 6b 9c 32
stack at sp + 7 slots: 0x000002ce00000000 points into unknown readable memory: 0x0000000000000001 | 01 00 00 00 00 00 00 00

VM_Operation (0x000000e800bff1f0): Exit, mode: safepoint, requested by thread 0x000002ce0f2c0800


---------------  P R O C E S S  ---------------

Threads class SMR info:
_java_thread_list=0x000002ce134f5e60, length=50, elements={
0x000002ce61435800, 0x000002ce7f9c5000, 0x000002ce7f9f2800, 0x000002ce7fa46800,
0x000002ce7fa48800, 0x000002ce7fa4a000, 0x000002ce7fa4e000, 0x000002ce7fa53000,
0x000002ce7fa5e000, 0x000002ce7fbdc000, 0x000002ce086c1000, 0x000002ce08e20800,
0x000002ce08822800, 0x000002ce08828000, 0x000002ce08c2e800, 0x000002ce08be5000,
0x000002ce11ddd800, 0x000002ce11c7a000, 0x000002ce086b6800, 0x000002ce7fd10800,
0x000002ce07f88000, 0x000002ce07f91000, 0x000002ce0f69f000, 0x000002ce0f69f800,
0x000002ce0f6a0800, 0x000002ce0f69b000, 0x000002ce0f69d000, 0x000002ce12c1a000,
0x000002ce12c17800, 0x000002ce12c22800, 0x000002ce12c21800, 0x000002ce12c24000,
0x000002ce0f6f7800, 0x000002ce0f6f4800, 0x000002ce0f6fa000, 0x000002ce0f6f6000,
0x000002ce0f6f5000, 0x000002ce0f6f6800, 0x000002ce0f6f8800, 0x000002ce0f6fb000,
0x000002ce0f6f9000, 0x000002ce0f696000, 0x000002ce0f698800, 0x000002ce0f694000,
0x000002ce0f69c800, 0x000002ce12c26800, 0x000002ce07f96000, 0x000002ce0f2c1000,
0x000002ce0f2c6000, 0x000002ce0f2c0800
}

Java Threads: ( => current thread )
  0x000002ce61435800 JavaThread "main" [_thread_blocked, id=7208, stack(0x000000e878a00000,0x000000e878b00000)]
  0x000002ce7f9c5000 JavaThread "Reference Handler" daemon [_thread_blocked, id=14980, stack(0x000000e879100000,0x000000e879200000)]
  0x000002ce7f9f2800 JavaThread "Finalizer" daemon [_thread_blocked, id=23180, stack(0x000000e879200000,0x000000e879300000)]
  0x000002ce7fa46800 JavaThread "Signal Dispatcher" daemon [_thread_blocked, id=10688, stack(0x000000e879300000,0x000000e879400000)]
  0x000002ce7fa48800 JavaThread "Attach Listener" daemon [_thread_blocked, id=6956, stack(0x000000e879400000,0x000000e879500000)]
  0x000002ce7fa4a000 JavaThread "Service Thread" daemon [_thread_blocked, id=11124, stack(0x000000e879500000,0x000000e879600000)]
  0x000002ce7fa4e000 JavaThread "C2 CompilerThread0" daemon [_thread_blocked, id=7432, stack(0x000000e879600000,0x000000e879700000)]
  0x000002ce7fa53000 JavaThread "C1 CompilerThread0" daemon [_thread_blocked, id=19504, stack(0x000000e879700000,0x000000e879800000)]
  0x000002ce7fa5e000 JavaThread "Sweeper thread" daemon [_thread_blocked, id=23904, stack(0x000000e879800000,0x000000e879900000)]
  0x000002ce7fbdc000 JavaThread "Common-Cleaner" daemon [_thread_blocked, id=24304, stack(0x000000e879900000,0x000000e879a00000)]
  0x000002ce086c1000 JavaThread "JDWP Event Helper Thread" daemon [_thread_blocked, id=18988, stack(0x000000e879d00000,0x000000e879e00000)]
  0x000002ce08e20800 JavaThread "QuantumRenderer-0" daemon [_thread_blocked, id=21692, stack(0x000000e87a500000,0x000000e87a600000)]
  0x000002ce08822800 JavaThread "InvokeLaterDispatcher" daemon [_thread_blocked, id=17892, stack(0x000000e87a600000,0x000000e87a700000)]
  0x000002ce08828000 JavaThread "JavaFX Application Thread" [_thread_in_native, id=15808, stack(0x000000e87a700000,0x000000e87a800000)]
  0x000002ce08c2e800 JavaThread "Thread-1" daemon [_thread_in_native, id=9144, stack(0x000000e87ab00000,0x000000e87ac00000)]
  0x000002ce08be5000 JavaThread "JavaFX-Launcher" [_thread_blocked, id=18920, stack(0x000000e87ac00000,0x000000e87ad00000)]
  0x000002ce11ddd800 JavaThread "Prism Font Disposer" daemon [_thread_blocked, id=11104, stack(0x000000e87b000000,0x000000e87b100000)]
  0x000002ce11c7a000 JavaThread "Cleaner-0" daemon [_thread_blocked, id=16216, stack(0x000000e87b500000,0x000000e87b600000)]
  0x000002ce086b6800 JavaThread "HttpClient-1-SelectorManager" daemon [_thread_in_native, id=20140, stack(0x000000e879a00000,0x000000e879b00000)]
  0x000002ce7fd10800 JavaThread "ForkJoinPool.commonPool-worker-3" daemon [_thread_blocked, id=3728, stack(0x000000e87b900000,0x000000e87ba00000)]
  0x000002ce07f88000 JavaThread "HttpClient-5-SelectorManager" daemon [_thread_in_native, id=16252, stack(0x000000e87c200000,0x000000e87c300000)]
  0x000002ce07f91000 JavaThread "HttpClient-8-SelectorManager" daemon [_thread_in_native, id=11048, stack(0x000000e87d000000,0x000000e87d100000)]
  0x000002ce0f69f000 JavaThread "HttpClient-22-Worker-0" daemon [_thread_blocked, id=23284, stack(0x000000e87fc00000,0x000000e87fd00000)]
  0x000002ce0f69f800 JavaThread "HttpClient-22-Worker-1" daemon [_thread_blocked, id=17972, stack(0x000000e87fd00000,0x000000e87fe00000)]
  0x000002ce0f6a0800 JavaThread "HttpClient-23-SelectorManager" daemon [_thread_in_native, id=14460, stack(0x000000e87ba00000,0x000000e87bb00000)]
  0x000002ce0f69b000 JavaThread "HttpClient-23-Worker-0" daemon [_thread_blocked, id=12552, stack(0x000000e87c800000,0x000000e87c900000)]
  0x000002ce0f69d000 JavaThread "HttpClient-23-Worker-1" daemon [_thread_blocked, id=16764, stack(0x000000e87de00000,0x000000e87df00000)]
  0x000002ce12c1a000 JavaThread "HttpClient-23-Worker-2" daemon [_thread_blocked, id=23312, stack(0x000000e87f500000,0x000000e87f600000)]
  0x000002ce12c17800 JavaThread "HttpClient-24-SelectorManager" daemon [_thread_in_native, id=20052, stack(0x000000e87e300000,0x000000e87e400000)]
  0x000002ce12c22800 JavaThread "HttpClient-24-Worker-0" daemon [_thread_blocked, id=23780, stack(0x000000e87f800000,0x000000e87f900000)]
  0x000002ce12c21800 JavaThread "HttpClient-24-Worker-1" daemon [_thread_blocked, id=6140, stack(0x000000e87fe00000,0x000000e87ff00000)]
  0x000002ce12c24000 JavaThread "HttpClient-25-SelectorManager" daemon [_thread_in_native, id=6572, stack(0x000000e878700000,0x000000e878800000)]
  0x000002ce0f6f7800 JavaThread "HttpClient-25-Worker-0" daemon [_thread_blocked, id=10576, stack(0x000000e878800000,0x000000e878900000)]
  0x000002ce0f6f4800 JavaThread "HttpClient-25-Worker-1" daemon [_thread_blocked, id=14832, stack(0x000000e878900000,0x000000e878a00000)]
  0x000002ce0f6fa000 JavaThread "HttpClient-26-SelectorManager" daemon [_thread_in_native, id=14948, stack(0x000000e87e200000,0x000000e87e300000)]
  0x000002ce0f6f6000 JavaThread "HttpClient-26-Worker-0" daemon [_thread_blocked, id=13860, stack(0x000000e87e800000,0x000000e87e900000)]
  0x000002ce0f6f5000 JavaThread "HttpClient-26-Worker-1" daemon [_thread_blocked, id=18008, stack(0x000000e87ff00000,0x000000e880000000)]
  0x000002ce0f6f6800 JavaThread "HttpClient-27-SelectorManager" daemon [_thread_blocked, id=1480, stack(0x000000e87ec00000,0x000000e87ed00000)]
  0x000002ce0f6f8800 JavaThread "HttpClient-27-Worker-0" daemon [_thread_blocked, id=13228, stack(0x000000e800000000,0x000000e800100000)]
  0x000002ce0f6fb000 JavaThread "HttpClient-27-Worker-1" daemon [_thread_blocked, id=24080, stack(0x000000e800100000,0x000000e800200000)]
  0x000002ce0f6f9000 JavaThread "HttpClient-28-SelectorManager" daemon [_thread_blocked, id=22664, stack(0x000000e800200000,0x000000e800300000)]
  0x000002ce0f696000 JavaThread "HttpClient-28-Worker-0" daemon [_thread_blocked, id=18248, stack(0x000000e800300000,0x000000e800400000)]
  0x000002ce0f698800 JavaThread "HttpClient-28-Worker-1" daemon [_thread_blocked, id=23100, stack(0x000000e800400000,0x000000e800500000)]
  0x000002ce0f694000 JavaThread "HttpClient-29-SelectorManager" daemon [_thread_blocked, id=21992, stack(0x000000e800500000,0x000000e800600000)]
  0x000002ce0f69c800 JavaThread "HttpClient-29-Worker-0" daemon [_thread_blocked, id=15216, stack(0x000000e800600000,0x000000e800700000)]
  0x000002ce12c26800 JavaThread "HttpClient-29-Worker-1" daemon [_thread_blocked, id=8624, stack(0x000000e800700000,0x000000e800800000)]
  0x000002ce07f96000 JavaThread "HttpClient-30-SelectorManager" daemon [_thread_in_native, id=16264, stack(0x000000e800800000,0x000000e800900000)]
  0x000002ce0f2c1000 JavaThread "HttpClient-30-Worker-0" daemon [_thread_blocked, id=23068, stack(0x000000e800900000,0x000000e800a00000)]
  0x000002ce0f2c6000 JavaThread "HttpClient-30-Worker-1" daemon [_thread_blocked, id=10876, stack(0x000000e800a00000,0x000000e800b00000)]
  0x000002ce0f2c0800 JavaThread "SIGINT handler" daemon [_thread_blocked, id=12480, stack(0x000000e800b00000,0x000000e800c00000)]

Other Threads:
=>0x000002ce7f9c2000 VMThread "VM Thread" [stack: 0x000000e879000000,0x000000e879100000] [id=11632]
  0x000002ce6144f000 GCTaskThread "GC Thread#0" [stack: 0x000000e878b00000,0x000000e878c00000] [id=14348]
  0x000002ce07f6a000 GCTaskThread "GC Thread#1" [stack: 0x000000e87a000000,0x000000e87a100000] [id=17264]
  0x000002ce0823d800 GCTaskThread "GC Thread#2" [stack: 0x000000e87a100000,0x000000e87a200000] [id=7980]
  0x000002ce0823e000 GCTaskThread "GC Thread#3" [stack: 0x000000e87a200000,0x000000e87a300000] [id=24100]
  0x000002ce7fd2d800 GCTaskThread "GC Thread#4" [stack: 0x000000e87a300000,0x000000e87a400000] [id=19648]
  0x000002ce7fd2e000 GCTaskThread "GC Thread#5" [stack: 0x000000e87a400000,0x000000e87a500000] [id=24020]
  0x000002ce614ac800 ConcurrentGCThread "G1 Main Marker" [stack: 0x000000e878c00000,0x000000e878d00000] [id=7720]
  0x000002ce614ae800 ConcurrentGCThread "G1 Conc#0" [stack: 0x000000e878d00000,0x000000e878e00000] [id=21552]
  0x000002ce092e2800 ConcurrentGCThread "G1 Conc#1" [stack: 0x000000e87b100000,0x000000e87b200000] [id=14840]
  0x000002ce7f027000 ConcurrentGCThread "G1 Refine#0" [stack: 0x000000e878e00000,0x000000e878f00000] [id=5856]
  0x000002ce0f8ef000 ConcurrentGCThread "G1 Refine#1" [stack: 0x000000e87c300000,0x000000e87c400000] [id=11760]
  0x000002ce1017e800 ConcurrentGCThread "G1 Refine#2" [stack: 0x000000e87c400000,0x000000e87c500000] [id=21148]
  0x000002ce12235000 ConcurrentGCThread "G1 Refine#3" [stack: 0x000000e87d800000,0x000000e87d900000] [id=6884]
  0x000002ce19686800 ConcurrentGCThread "G1 Refine#4" [stack: 0x000000e87d900000,0x000000e87da00000] [id=24472]
  0x000002ce7f02a000 ConcurrentGCThread "G1 Young RemSet Sampling" [stack: 0x000000e878f00000,0x000000e879000000] [id=20924]

Threads with active compile tasks:

VM state:at safepoint (shutting down)

VM Mutex/Monitor currently owned by a thread:  ([mutex/lock_event])
[0x000002ce61432900] Threads_lock - owner thread: 0x000002ce7f9c2000

Heap address: 0x0000000704000000, size: 4032 MB, Compressed Oops mode: Zero based, Oop shift amount: 3
Narrow klass base: 0x0000000800000000, Narrow klass shift: 0
Compressed class space size: 1073741824 Address: 0x0000000800000000

Heap:
 garbage-first heap   total 258048K, used 85216K [0x0000000704000000, 0x0000000800000000)
  region size 1024K, 33 young (33792K), 9 survivors (9216K)
 Metaspace       used 45338K, capacity 47404K, committed 47616K, reserved 1091584K
  class space    used 5525K, capacity 6365K, committed 6400K, reserved 1048576K
Heap Regions: E=young(eden), S=young(survivor), O=old, HS=humongous(starts), HC=humongous(continues), CS=collection set, F=free, A=archive, TAMS=top-at-mark-start (previous, next)
|   0|0x0000000704000000, 0x0000000704100000, 0x0000000704100000|100%|HS|  |TAMS 0x0000000704100000, 0x0000000704000000| Complete 
|   1|0x0000000704100000, 0x0000000704200000, 0x0000000704200000|100%|HC|  |TAMS 0x0000000704200000, 0x0000000704100000| Complete 
|   2|0x0000000704200000, 0x0000000704300000, 0x0000000704300000|100%|HS|  |TAMS 0x0000000704300000, 0x0000000704200000| Complete 
|   3|0x0000000704300000, 0x0000000704400000, 0x0000000704400000|100%|HC|  |TAMS 0x0000000704400000, 0x0000000704300000| Complete 
|   4|0x0000000704400000, 0x0000000704500000, 0x0000000704500000|100%| O|  |TAMS 0x0000000704400000, 0x0000000704400000| Untracked 
|   5|0x0000000704500000, 0x0000000704600000, 0x0000000704600000|100%| O|  |TAMS 0x0000000704500000, 0x0000000704500000| Untracked 
|   6|0x0000000704600000, 0x0000000704700000, 0x0000000704700000|100%|HS|  |TAMS 0x0000000704700000, 0x0000000704600000| Complete 
|   7|0x0000000704700000, 0x0000000704800000, 0x0000000704800000|100%|HC|  |TAMS 0x0000000704800000, 0x0000000704700000| Complete 
|   8|0x0000000704800000, 0x0000000704900000, 0x0000000704900000|100%| O|  |TAMS 0x0000000704900000, 0x0000000704800000| Untracked 
|   9|0x0000000704900000, 0x0000000704a00000, 0x0000000704a00000|100%| O|  |TAMS 0x0000000704a00000, 0x0000000704900000| Untracked 
|  10|0x0000000704a00000, 0x0000000704b00000, 0x0000000704b00000|100%| O|  |TAMS 0x0000000704b00000, 0x0000000704a00000| Untracked 
|  11|0x0000000704b00000, 0x0000000704c00000, 0x0000000704c00000|100%| O|  |TAMS 0x0000000704c00000, 0x0000000704b00000| Untracked 
|  12|0x0000000704c00000, 0x0000000704d00000, 0x0000000704d00000|100%| O|  |TAMS 0x0000000704d00000, 0x0000000704c00000| Untracked 
|  13|0x0000000704d00000, 0x0000000704e00000, 0x0000000704e00000|100%| O|  |TAMS 0x0000000704e00000, 0x0000000704d00000| Untracked 
|  14|0x0000000704e00000, 0x0000000704f00000, 0x0000000704f00000|100%| O|  |TAMS 0x0000000704f00000, 0x0000000704e00000| Untracked 
|  15|0x0000000704f00000, 0x0000000705000000, 0x0000000705000000|100%| O|  |TAMS 0x0000000705000000, 0x0000000704f00000| Untracked 
|  16|0x0000000705000000, 0x0000000705100000, 0x0000000705100000|100%| O|  |TAMS 0x000000070501ba00, 0x0000000705000000| Untracked 
|  17|0x0000000705100000, 0x0000000705200000, 0x0000000705200000|100%| O|  |TAMS 0x0000000705100000, 0x0000000705100000| Untracked 
|  18|0x0000000705200000, 0x0000000705300000, 0x0000000705300000|100%| O|  |TAMS 0x0000000705200000, 0x0000000705200000| Untracked 
|  19|0x0000000705300000, 0x0000000705400000, 0x0000000705400000|100%| O|  |TAMS 0x0000000705300000, 0x0000000705300000| Untracked 
|  20|0x0000000705400000, 0x0000000705500000, 0x0000000705500000|100%| O|  |TAMS 0x0000000705400000, 0x0000000705400000| Untracked 
|  21|0x0000000705500000, 0x0000000705600000, 0x0000000705600000|100%| O|  |TAMS 0x0000000705500000, 0x0000000705500000| Untracked 
|  22|0x0000000705600000, 0x0000000705700000, 0x0000000705700000|100%| O|  |TAMS 0x0000000705600000, 0x0000000705600000| Untracked 
|  23|0x0000000705700000, 0x0000000705800000, 0x0000000705800000|100%| O|  |TAMS 0x0000000705700000, 0x0000000705700000| Untracked 
|  24|0x0000000705800000, 0x0000000705900000, 0x0000000705900000|100%| O|  |TAMS 0x0000000705800000, 0x0000000705800000| Untracked 
|  25|0x0000000705900000, 0x0000000705a00000, 0x0000000705a00000|100%| O|  |TAMS 0x0000000705900000, 0x0000000705900000| Untracked 
|  26|0x0000000705a00000, 0x0000000705b00000, 0x0000000705b00000|100%| O|  |TAMS 0x0000000705a00000, 0x0000000705a00000| Untracked 
|  27|0x0000000705b00000, 0x0000000705c00000, 0x0000000705c00000|100%| O|  |TAMS 0x0000000705b00000, 0x0000000705b00000| Untracked 
|  28|0x0000000705c00000, 0x0000000705d00000, 0x0000000705d00000|100%|HS|  |TAMS 0x0000000705c00000, 0x0000000705c00000| Complete 
|  29|0x0000000705d00000, 0x0000000705e00000, 0x0000000705e00000|100%|HC|  |TAMS 0x0000000705d00000, 0x0000000705d00000| Complete 
|  30|0x0000000705e00000, 0x0000000705f00000, 0x0000000705f00000|100%| O|  |TAMS 0x0000000705e00000, 0x0000000705e00000| Untracked 
|  31|0x0000000705f00000, 0x0000000706000000, 0x0000000706000000|100%| O|  |TAMS 0x0000000705f00000, 0x0000000705f00000| Untracked 
|  32|0x0000000706000000, 0x0000000706100000, 0x0000000706100000|100%| O|  |TAMS 0x0000000706000000, 0x0000000706000000| Untracked 
|  33|0x0000000706100000, 0x0000000706200000, 0x0000000706200000|100%| O|  |TAMS 0x0000000706100000, 0x0000000706100000| Untracked 
|  34|0x0000000706200000, 0x0000000706300000, 0x0000000706300000|100%| O|  |TAMS 0x0000000706200000, 0x0000000706200000| Untracked 
|  35|0x0000000706300000, 0x0000000706400000, 0x0000000706400000|100%| O|  |TAMS 0x0000000706300000, 0x0000000706300000| Untracked 
|  36|0x0000000706400000, 0x0000000706500000, 0x0000000706500000|100%| O|  |TAMS 0x0000000706400000, 0x0000000706400000| Untracked 
|  37|0x0000000706500000, 0x0000000706600000, 0x0000000706600000|100%| O|  |TAMS 0x0000000706500000, 0x0000000706500000| Untracked 
|  38|0x0000000706600000, 0x0000000706700000, 0x0000000706700000|100%| O|  |TAMS 0x0000000706600000, 0x0000000706600000| Untracked 
|  39|0x0000000706700000, 0x0000000706800000, 0x0000000706800000|100%| O|  |TAMS 0x0000000706700000, 0x0000000706700000| Untracked 
|  40|0x0000000706800000, 0x0000000706900000, 0x0000000706900000|100%| O|  |TAMS 0x0000000706800000, 0x0000000706800000| Untracked 
|  41|0x0000000706900000, 0x0000000706a00000, 0x0000000706a00000|100%| O|  |TAMS 0x0000000706900000, 0x0000000706900000| Untracked 
|  42|0x0000000706a00000, 0x0000000706b00000, 0x0000000706b00000|100%| O|  |TAMS 0x0000000706a00000, 0x0000000706a00000| Untracked 
|  43|0x0000000706b00000, 0x0000000706c00000, 0x0000000706c00000|100%| O|  |TAMS 0x0000000706b00000, 0x0000000706b00000| Untracked 
|  44|0x0000000706c00000, 0x0000000706d00000, 0x0000000706d00000|100%| O|  |TAMS 0x0000000706c00000, 0x0000000706c00000| Untracked 
|  45|0x0000000706d00000, 0x0000000706e00000, 0x0000000706e00000|100%| O|  |TAMS 0x0000000706d00000, 0x0000000706d00000| Untracked 
|  46|0x0000000706e00000, 0x0000000706f00000, 0x0000000706f00000|100%| O|  |TAMS 0x0000000706e00000, 0x0000000706e00000| Untracked 
|  47|0x0000000706f00000, 0x0000000707000000, 0x0000000707000000|100%| O|  |TAMS 0x0000000706f00000, 0x0000000706f00000| Untracked 
|  48|0x0000000707000000, 0x0000000707100000, 0x0000000707100000|100%| O|  |TAMS 0x0000000707000000, 0x0000000707000000| Untracked 
|  49|0x0000000707100000, 0x0000000707200000, 0x0000000707200000|100%| O|  |TAMS 0x0000000707100000, 0x0000000707100000| Untracked 
|  50|0x0000000707200000, 0x0000000707300000, 0x0000000707300000|100%| O|  |TAMS 0x0000000707200000, 0x0000000707200000| Untracked 
|  51|0x0000000707300000, 0x0000000707370600, 0x0000000707400000| 43%| O|  |TAMS 0x0000000707300000, 0x0000000707300000| Untracked 
|  52|0x0000000707400000, 0x0000000707400000, 0x0000000707500000|  0%| F|  |TAMS 0x0000000707400000, 0x0000000707400000| Untracked 
|  53|0x0000000707500000, 0x0000000707500000, 0x0000000707600000|  0%| F|  |TAMS 0x0000000707500000, 0x0000000707500000| Untracked 
|  54|0x0000000707600000, 0x0000000707600000, 0x0000000707700000|  0%| F|  |TAMS 0x0000000707600000, 0x0000000707600000| Untracked 
|  55|0x0000000707700000, 0x0000000707700000, 0x0000000707800000|  0%| F|  |TAMS 0x0000000707700000, 0x0000000707700000| Untracked 
|  56|0x0000000707800000, 0x0000000707800000, 0x0000000707900000|  0%| F|  |TAMS 0x0000000707800000, 0x0000000707800000| Untracked 
|  57|0x0000000707900000, 0x0000000707900000, 0x0000000707a00000|  0%| F|  |TAMS 0x0000000707900000, 0x0000000707900000| Untracked 
|  58|0x0000000707a00000, 0x0000000707a00000, 0x0000000707b00000|  0%| F|  |TAMS 0x0000000707a00000, 0x0000000707a00000| Untracked 
|  59|0x0000000707b00000, 0x0000000707b00000, 0x0000000707c00000|  0%| F|  |TAMS 0x0000000707b00000, 0x0000000707b00000| Untracked 
|  60|0x0000000707c00000, 0x0000000707c00000, 0x0000000707d00000|  0%| F|  |TAMS 0x0000000707c00000, 0x0000000707c00000| Untracked 
|  61|0x0000000707d00000, 0x0000000707d00000, 0x0000000707e00000|  0%| F|  |TAMS 0x0000000707d00000, 0x0000000707d00000| Untracked 
|  62|0x0000000707e00000, 0x0000000707e00000, 0x0000000707f00000|  0%| F|  |TAMS 0x0000000707e00000, 0x0000000707e00000| Untracked 
|  63|0x0000000707f00000, 0x0000000707f00000, 0x0000000708000000|  0%| F|  |TAMS 0x0000000707f00000, 0x0000000707f00000| Untracked 
|  64|0x0000000708000000, 0x0000000708000000, 0x0000000708100000|  0%| F|  |TAMS 0x0000000708000000, 0x0000000708000000| Untracked 
|  65|0x0000000708100000, 0x0000000708100000, 0x0000000708200000|  0%| F|  |TAMS 0x0000000708100000, 0x0000000708100000| Untracked 
|  66|0x0000000708200000, 0x0000000708200000, 0x0000000708300000|  0%| F|  |TAMS 0x0000000708200000, 0x0000000708200000| Untracked 
|  67|0x0000000708300000, 0x0000000708300000, 0x0000000708400000|  0%| F|  |TAMS 0x0000000708300000, 0x0000000708300000| Untracked 
|  68|0x0000000708400000, 0x0000000708400000, 0x0000000708500000|  0%| F|  |TAMS 0x0000000708400000, 0x0000000708400000| Untracked 
|  69|0x0000000708500000, 0x0000000708500000, 0x0000000708600000|  0%| F|  |TAMS 0x0000000708500000, 0x0000000708500000| Untracked 
|  70|0x0000000708600000, 0x0000000708600000, 0x0000000708700000|  0%| F|  |TAMS 0x0000000708600000, 0x0000000708600000| Untracked 
|  71|0x0000000708700000, 0x0000000708700000, 0x0000000708800000|  0%| F|  |TAMS 0x0000000708700000, 0x0000000708700000| Untracked 
|  72|0x0000000708800000, 0x0000000708800000, 0x0000000708900000|  0%| F|  |TAMS 0x0000000708800000, 0x0000000708800000| Untracked 
|  73|0x0000000708900000, 0x0000000708900000, 0x0000000708a00000|  0%| F|  |TAMS 0x0000000708900000, 0x0000000708900000| Untracked 
|  74|0x0000000708a00000, 0x0000000708a00000, 0x0000000708b00000|  0%| F|  |TAMS 0x0000000708a00000, 0x0000000708a00000| Untracked 
|  75|0x0000000708b00000, 0x0000000708b00000, 0x0000000708c00000|  0%| F|  |TAMS 0x0000000708b00000, 0x0000000708b00000| Untracked 
|  76|0x0000000708c00000, 0x0000000708c00000, 0x0000000708d00000|  0%| F|  |TAMS 0x0000000708c00000, 0x0000000708c00000| Untracked 
|  77|0x0000000708d00000, 0x0000000708d00000, 0x0000000708e00000|  0%| F|  |TAMS 0x0000000708d00000, 0x0000000708d00000| Untracked 
|  78|0x0000000708e00000, 0x0000000708e00000, 0x0000000708f00000|  0%| F|  |TAMS 0x0000000708e00000, 0x0000000708e00000| Untracked 
|  79|0x0000000708f00000, 0x0000000708f00000, 0x0000000709000000|  0%| F|  |TAMS 0x0000000708f00000, 0x0000000708f00000| Untracked 
|  80|0x0000000709000000, 0x0000000709000000, 0x0000000709100000|  0%| F|  |TAMS 0x0000000709000000, 0x0000000709000000| Untracked 
|  81|0x0000000709100000, 0x0000000709100000, 0x0000000709200000|  0%| F|  |TAMS 0x0000000709100000, 0x0000000709100000| Untracked 
|  82|0x0000000709200000, 0x0000000709200000, 0x0000000709300000|  0%| F|  |TAMS 0x0000000709200000, 0x0000000709200000| Untracked 
|  83|0x0000000709300000, 0x0000000709300000, 0x0000000709400000|  0%| F|  |TAMS 0x0000000709300000, 0x0000000709300000| Untracked 
|  84|0x0000000709400000, 0x0000000709400000, 0x0000000709500000|  0%| F|  |TAMS 0x0000000709400000, 0x0000000709400000| Untracked 
|  85|0x0000000709500000, 0x0000000709500000, 0x0000000709600000|  0%| F|  |TAMS 0x0000000709500000, 0x0000000709500000| Untracked 
|  86|0x0000000709600000, 0x0000000709600000, 0x0000000709700000|  0%| F|  |TAMS 0x0000000709600000, 0x0000000709600000| Untracked 
|  87|0x0000000709700000, 0x0000000709700000, 0x0000000709800000|  0%| F|  |TAMS 0x0000000709700000, 0x0000000709700000| Untracked 
|  88|0x0000000709800000, 0x0000000709800000, 0x0000000709900000|  0%| F|  |TAMS 0x0000000709800000, 0x0000000709800000| Untracked 
|  89|0x0000000709900000, 0x0000000709900000, 0x0000000709a00000|  0%| F|  |TAMS 0x0000000709900000, 0x0000000709900000| Untracked 
|  90|0x0000000709a00000, 0x0000000709a00000, 0x0000000709b00000|  0%| F|  |TAMS 0x0000000709a00000, 0x0000000709a00000| Untracked 
|  91|0x0000000709b00000, 0x0000000709b00000, 0x0000000709c00000|  0%| F|  |TAMS 0x0000000709b00000, 0x0000000709b00000| Untracked 
|  92|0x0000000709c00000, 0x0000000709c00000, 0x0000000709d00000|  0%| F|  |TAMS 0x0000000709c00000, 0x0000000709c00000| Untracked 
|  93|0x0000000709d00000, 0x0000000709d00000, 0x0000000709e00000|  0%| F|  |TAMS 0x0000000709d00000, 0x0000000709d00000| Untracked 
|  94|0x0000000709e00000, 0x0000000709e00000, 0x0000000709f00000|  0%| F|  |TAMS 0x0000000709e00000, 0x0000000709e00000| Untracked 
|  95|0x0000000709f00000, 0x0000000709f00000, 0x000000070a000000|  0%| F|  |TAMS 0x0000000709f00000, 0x0000000709f00000| Untracked 
|  96|0x000000070a000000, 0x000000070a000000, 0x000000070a100000|  0%| F|  |TAMS 0x000000070a000000, 0x000000070a000000| Untracked 
|  97|0x000000070a100000, 0x000000070a100000, 0x000000070a200000|  0%| F|  |TAMS 0x000000070a100000, 0x000000070a100000| Untracked 
|  98|0x000000070a200000, 0x000000070a200000, 0x000000070a300000|  0%| F|  |TAMS 0x000000070a200000, 0x000000070a200000| Untracked 
|  99|0x000000070a300000, 0x000000070a300000, 0x000000070a400000|  0%| F|  |TAMS 0x000000070a300000, 0x000000070a300000| Untracked 
| 100|0x000000070a400000, 0x000000070a400000, 0x000000070a500000|  0%| F|  |TAMS 0x000000070a400000, 0x000000070a400000| Untracked 
| 101|0x000000070a500000, 0x000000070a500000, 0x000000070a600000|  0%| F|  |TAMS 0x000000070a500000, 0x000000070a500000| Untracked 
| 102|0x000000070a600000, 0x000000070a600000, 0x000000070a700000|  0%| F|  |TAMS 0x000000070a600000, 0x000000070a600000| Untracked 
| 103|0x000000070a700000, 0x000000070a700000, 0x000000070a800000|  0%| F|  |TAMS 0x000000070a700000, 0x000000070a700000| Untracked 
| 104|0x000000070a800000, 0x000000070a800000, 0x000000070a900000|  0%| F|  |TAMS 0x000000070a800000, 0x000000070a800000| Untracked 
| 105|0x000000070a900000, 0x000000070a900000, 0x000000070aa00000|  0%| F|  |TAMS 0x000000070a900000, 0x000000070a900000| Untracked 
| 106|0x000000070aa00000, 0x000000070aa00000, 0x000000070ab00000|  0%| F|  |TAMS 0x000000070aa00000, 0x000000070aa00000| Untracked 
| 107|0x000000070ab00000, 0x000000070ab00000, 0x000000070ac00000|  0%| F|  |TAMS 0x000000070ab00000, 0x000000070ab00000| Untracked 
| 108|0x000000070ac00000, 0x000000070ac00000, 0x000000070ad00000|  0%| F|  |TAMS 0x000000070ac00000, 0x000000070ac00000| Untracked 
| 109|0x000000070ad00000, 0x000000070ad00000, 0x000000070ae00000|  0%| F|  |TAMS 0x000000070ad00000, 0x000000070ad00000| Untracked 
| 110|0x000000070ae00000, 0x000000070ae00000, 0x000000070af00000|  0%| F|  |TAMS 0x000000070ae00000, 0x000000070ae00000| Untracked 
| 111|0x000000070af00000, 0x000000070af00000, 0x000000070b000000|  0%| F|  |TAMS 0x000000070af00000, 0x000000070af00000| Untracked 
| 112|0x000000070b000000, 0x000000070b000000, 0x000000070b100000|  0%| F|  |TAMS 0x000000070b000000, 0x000000070b000000| Untracked 
| 113|0x000000070b100000, 0x000000070b100000, 0x000000070b200000|  0%| F|  |TAMS 0x000000070b100000, 0x000000070b100000| Untracked 
| 114|0x000000070b200000, 0x000000070b200000, 0x000000070b300000|  0%| F|  |TAMS 0x000000070b200000, 0x000000070b200000| Untracked 
| 115|0x000000070b300000, 0x000000070b300000, 0x000000070b400000|  0%| F|  |TAMS 0x000000070b300000, 0x000000070b300000| Untracked 
| 116|0x000000070b400000, 0x000000070b400000, 0x000000070b500000|  0%| F|  |TAMS 0x000000070b400000, 0x000000070b400000| Untracked 
| 117|0x000000070b500000, 0x000000070b500000, 0x000000070b600000|  0%| F|  |TAMS 0x000000070b500000, 0x000000070b500000| Untracked 
| 118|0x000000070b600000, 0x000000070b600000, 0x000000070b700000|  0%| F|  |TAMS 0x000000070b600000, 0x000000070b600000| Untracked 
| 119|0x000000070b700000, 0x000000070b700000, 0x000000070b800000|  0%| F|  |TAMS 0x000000070b700000, 0x000000070b700000| Untracked 
| 120|0x000000070b800000, 0x000000070b800000, 0x000000070b900000|  0%| F|  |TAMS 0x000000070b800000, 0x000000070b800000| Untracked 
| 121|0x000000070b900000, 0x000000070b900000, 0x000000070ba00000|  0%| F|  |TAMS 0x000000070b900000, 0x000000070b900000| Untracked 
| 122|0x000000070ba00000, 0x000000070ba00000, 0x000000070bb00000|  0%| F|  |TAMS 0x000000070ba00000, 0x000000070ba00000| Untracked 
| 123|0x000000070bb00000, 0x000000070bb00000, 0x000000070bc00000|  0%| F|  |TAMS 0x000000070bb00000, 0x000000070bb00000| Untracked 
| 124|0x000000070bc00000, 0x000000070bc00000, 0x000000070bd00000|  0%| F|  |TAMS 0x000000070bc00000, 0x000000070bc00000| Untracked 
| 125|0x000000070bd00000, 0x000000070bd00000, 0x000000070be00000|  0%| F|  |TAMS 0x000000070bd00000, 0x000000070bd00000| Untracked 
| 126|0x000000070be00000, 0x000000070be00000, 0x000000070bf00000|  0%| F|  |TAMS 0x000000070be00000, 0x000000070be00000| Untracked 
| 127|0x000000070bf00000, 0x000000070bf00000, 0x000000070c000000|  0%| F|  |TAMS 0x000000070bf00000, 0x000000070bf00000| Untracked 
| 128|0x000000070c000000, 0x000000070c000000, 0x000000070c100000|  0%| F|  |TAMS 0x000000070c000000, 0x000000070c000000| Untracked 
| 129|0x000000070c100000, 0x000000070c100000, 0x000000070c200000|  0%| F|  |TAMS 0x000000070c100000, 0x000000070c100000| Untracked 
| 130|0x000000070c200000, 0x000000070c200000, 0x000000070c300000|  0%| F|  |TAMS 0x000000070c200000, 0x000000070c200000| Untracked 
| 131|0x000000070c300000, 0x000000070c300000, 0x000000070c400000|  0%| F|  |TAMS 0x000000070c300000, 0x000000070c300000| Untracked 
| 132|0x000000070c400000, 0x000000070c400000, 0x000000070c500000|  0%| F|  |TAMS 0x000000070c400000, 0x000000070c400000| Untracked 
| 133|0x000000070c500000, 0x000000070c500000, 0x000000070c600000|  0%| F|  |TAMS 0x000000070c500000, 0x000000070c500000| Untracked 
| 134|0x000000070c600000, 0x000000070c600000, 0x000000070c700000|  0%| F|  |TAMS 0x000000070c600000, 0x000000070c600000| Untracked 
| 135|0x000000070c700000, 0x000000070c700000, 0x000000070c800000|  0%| F|  |TAMS 0x000000070c700000, 0x000000070c700000| Untracked 
| 136|0x000000070c800000, 0x000000070c800000, 0x000000070c900000|  0%| F|  |TAMS 0x000000070c800000, 0x000000070c800000| Untracked 
| 137|0x000000070c900000, 0x000000070c900000, 0x000000070ca00000|  0%| F|  |TAMS 0x000000070c900000, 0x000000070c900000| Untracked 
| 138|0x000000070ca00000, 0x000000070ca00000, 0x000000070cb00000|  0%| F|  |TAMS 0x000000070ca00000, 0x000000070ca00000| Untracked 
| 139|0x000000070cb00000, 0x000000070cb00000, 0x000000070cc00000|  0%| F|  |TAMS 0x000000070cb00000, 0x000000070cb00000| Untracked 
| 140|0x000000070cc00000, 0x000000070cc00000, 0x000000070cd00000|  0%| F|  |TAMS 0x000000070cc00000, 0x000000070cc00000| Untracked 
| 141|0x000000070cd00000, 0x000000070cd00000, 0x000000070ce00000|  0%| F|  |TAMS 0x000000070cd00000, 0x000000070cd00000| Untracked 
| 142|0x000000070ce00000, 0x000000070ce00000, 0x000000070cf00000|  0%| F|  |TAMS 0x000000070ce00000, 0x000000070ce00000| Untracked 
| 143|0x000000070cf00000, 0x000000070cf00000, 0x000000070d000000|  0%| F|  |TAMS 0x000000070cf00000, 0x000000070cf00000| Untracked 
| 144|0x000000070d000000, 0x000000070d000000, 0x000000070d100000|  0%| F|  |TAMS 0x000000070d000000, 0x000000070d000000| Untracked 
| 145|0x000000070d100000, 0x000000070d100000, 0x000000070d200000|  0%| F|  |TAMS 0x000000070d100000, 0x000000070d100000| Untracked 
| 146|0x000000070d200000, 0x000000070d200000, 0x000000070d300000|  0%| F|  |TAMS 0x000000070d200000, 0x000000070d200000| Untracked 
| 147|0x000000070d300000, 0x000000070d300000, 0x000000070d400000|  0%| F|  |TAMS 0x000000070d300000, 0x000000070d300000| Untracked 
| 148|0x000000070d400000, 0x000000070d400000, 0x000000070d500000|  0%| F|  |TAMS 0x000000070d400000, 0x000000070d400000| Untracked 
| 149|0x000000070d500000, 0x000000070d500000, 0x000000070d600000|  0%| F|  |TAMS 0x000000070d500000, 0x000000070d500000| Untracked 
| 150|0x000000070d600000, 0x000000070d600000, 0x000000070d700000|  0%| F|  |TAMS 0x000000070d600000, 0x000000070d600000| Untracked 
| 151|0x000000070d700000, 0x000000070d700000, 0x000000070d800000|  0%| F|  |TAMS 0x000000070d700000, 0x000000070d700000| Untracked 
| 152|0x000000070d800000, 0x000000070d800000, 0x000000070d900000|  0%| F|  |TAMS 0x000000070d800000, 0x000000070d800000| Untracked 
| 153|0x000000070d900000, 0x000000070d900000, 0x000000070da00000|  0%| F|  |TAMS 0x000000070d900000, 0x000000070d900000| Untracked 
| 154|0x000000070da00000, 0x000000070da00000, 0x000000070db00000|  0%| F|  |TAMS 0x000000070da00000, 0x000000070da00000| Untracked 
| 155|0x000000070db00000, 0x000000070db00000, 0x000000070dc00000|  0%| F|  |TAMS 0x000000070db00000, 0x000000070db00000| Untracked 
| 156|0x000000070dc00000, 0x000000070dc00000, 0x000000070dd00000|  0%| F|  |TAMS 0x000000070dc00000, 0x000000070dc00000| Untracked 
| 157|0x000000070dd00000, 0x000000070dd00000, 0x000000070de00000|  0%| F|  |TAMS 0x000000070dd00000, 0x000000070dd00000| Untracked 
| 158|0x000000070de00000, 0x000000070de00000, 0x000000070df00000|  0%| F|  |TAMS 0x000000070de00000, 0x000000070de00000| Untracked 
| 159|0x000000070df00000, 0x000000070df00000, 0x000000070e000000|  0%| F|  |TAMS 0x000000070df00000, 0x000000070df00000| Untracked 
| 160|0x000000070e000000, 0x000000070e000000, 0x000000070e100000|  0%| F|  |TAMS 0x000000070e000000, 0x000000070e000000| Untracked 
| 161|0x000000070e100000, 0x000000070e100000, 0x000000070e200000|  0%| F|  |TAMS 0x000000070e100000, 0x000000070e100000| Untracked 
| 162|0x000000070e200000, 0x000000070e200000, 0x000000070e300000|  0%| F|  |TAMS 0x000000070e200000, 0x000000070e200000| Untracked 
| 163|0x000000070e300000, 0x000000070e300000, 0x000000070e400000|  0%| F|  |TAMS 0x000000070e300000, 0x000000070e300000| Untracked 
| 164|0x000000070e400000, 0x000000070e400000, 0x000000070e500000|  0%| F|  |TAMS 0x000000070e400000, 0x000000070e400000| Untracked 
| 165|0x000000070e500000, 0x000000070e500000, 0x000000070e600000|  0%| F|  |TAMS 0x000000070e500000, 0x000000070e500000| Untracked 
| 166|0x000000070e600000, 0x000000070e600000, 0x000000070e700000|  0%| F|  |TAMS 0x000000070e600000, 0x000000070e600000| Untracked 
| 167|0x000000070e700000, 0x000000070e700000, 0x000000070e800000|  0%| F|  |TAMS 0x000000070e700000, 0x000000070e700000| Untracked 
| 168|0x000000070e800000, 0x000000070e8c7c08, 0x000000070e900000| 78%| S|CS|TAMS 0x000000070e800000, 0x000000070e800000| Complete 
| 169|0x000000070e900000, 0x000000070ea00000, 0x000000070ea00000|100%| S|CS|TAMS 0x000000070e900000, 0x000000070e900000| Complete 
| 170|0x000000070ea00000, 0x000000070eb00000, 0x000000070eb00000|100%| S|CS|TAMS 0x000000070ea00000, 0x000000070ea00000| Complete 
| 171|0x000000070eb00000, 0x000000070ec00000, 0x000000070ec00000|100%| S|CS|TAMS 0x000000070eb00000, 0x000000070eb00000| Complete 
| 172|0x000000070ec00000, 0x000000070ed00000, 0x000000070ed00000|100%| S|CS|TAMS 0x000000070ec00000, 0x000000070ec00000| Complete 
| 173|0x000000070ed00000, 0x000000070ee00000, 0x000000070ee00000|100%| S|CS|TAMS 0x000000070ed00000, 0x000000070ed00000| Complete 
| 174|0x000000070ee00000, 0x000000070ef00000, 0x000000070ef00000|100%| S|CS|TAMS 0x000000070ee00000, 0x000000070ee00000| Complete 
| 175|0x000000070ef00000, 0x000000070f000000, 0x000000070f000000|100%| S|CS|TAMS 0x000000070ef00000, 0x000000070ef00000| Complete 
| 176|0x000000070f000000, 0x000000070f100000, 0x000000070f100000|100%| S|CS|TAMS 0x000000070f000000, 0x000000070f000000| Complete 
| 177|0x000000070f100000, 0x000000070f100000, 0x000000070f200000|  0%| F|  |TAMS 0x000000070f100000, 0x000000070f100000| Untracked 
| 178|0x000000070f200000, 0x000000070f200000, 0x000000070f300000|  0%| F|  |TAMS 0x000000070f200000, 0x000000070f200000| Untracked 
| 179|0x000000070f300000, 0x000000070f300000, 0x000000070f400000|  0%| F|  |TAMS 0x000000070f300000, 0x000000070f300000| Untracked 
| 180|0x000000070f400000, 0x000000070f400000, 0x000000070f500000|  0%| F|  |TAMS 0x000000070f400000, 0x000000070f400000| Untracked 
| 181|0x000000070f500000, 0x000000070f500000, 0x000000070f600000|  0%| F|  |TAMS 0x000000070f500000, 0x000000070f500000| Untracked 
| 182|0x000000070f600000, 0x000000070f600000, 0x000000070f700000|  0%| F|  |TAMS 0x000000070f600000, 0x000000070f600000| Untracked 
| 183|0x000000070f700000, 0x000000070f700000, 0x000000070f800000|  0%| F|  |TAMS 0x000000070f700000, 0x000000070f700000| Untracked 
| 184|0x000000070f800000, 0x000000070f800000, 0x000000070f900000|  0%| F|  |TAMS 0x000000070f800000, 0x000000070f800000| Untracked 
| 185|0x000000070f900000, 0x000000070f900000, 0x000000070fa00000|  0%| F|  |TAMS 0x000000070f900000, 0x000000070f900000| Untracked 
| 186|0x000000070fa00000, 0x000000070fa00000, 0x000000070fb00000|  0%| F|  |TAMS 0x000000070fa00000, 0x000000070fa00000| Untracked 
| 187|0x000000070fb00000, 0x000000070fb00000, 0x000000070fc00000|  0%| F|  |TAMS 0x000000070fb00000, 0x000000070fb00000| Untracked 
| 188|0x000000070fc00000, 0x000000070fc00000, 0x000000070fd00000|  0%| F|  |TAMS 0x000000070fc00000, 0x000000070fc00000| Untracked 
| 189|0x000000070fd00000, 0x000000070fd00000, 0x000000070fe00000|  0%| F|  |TAMS 0x000000070fd00000, 0x000000070fd00000| Untracked 
| 190|0x000000070fe00000, 0x000000070fe00000, 0x000000070ff00000|  0%| F|  |TAMS 0x000000070fe00000, 0x000000070fe00000| Untracked 
| 191|0x000000070ff00000, 0x000000070ff00000, 0x0000000710000000|  0%| F|  |TAMS 0x000000070ff00000, 0x000000070ff00000| Untracked 
| 192|0x0000000710000000, 0x0000000710000000, 0x0000000710100000|  0%| F|  |TAMS 0x0000000710000000, 0x0000000710000000| Untracked 
| 193|0x0000000710100000, 0x0000000710100000, 0x0000000710200000|  0%| F|  |TAMS 0x0000000710100000, 0x0000000710100000| Untracked 
| 194|0x0000000710200000, 0x0000000710200000, 0x0000000710300000|  0%| F|  |TAMS 0x0000000710200000, 0x0000000710200000| Untracked 
| 195|0x0000000710300000, 0x0000000710300000, 0x0000000710400000|  0%| F|  |TAMS 0x0000000710300000, 0x0000000710300000| Untracked 
| 196|0x0000000710400000, 0x0000000710400000, 0x0000000710500000|  0%| F|  |TAMS 0x0000000710400000, 0x0000000710400000| Untracked 
| 197|0x0000000710500000, 0x0000000710500000, 0x0000000710600000|  0%| F|  |TAMS 0x0000000710500000, 0x0000000710500000| Untracked 
| 198|0x0000000710600000, 0x0000000710600000, 0x0000000710700000|  0%| F|  |TAMS 0x0000000710600000, 0x0000000710600000| Untracked 
| 199|0x0000000710700000, 0x0000000710700000, 0x0000000710800000|  0%| F|  |TAMS 0x0000000710700000, 0x0000000710700000| Untracked 
| 200|0x0000000710800000, 0x0000000710800000, 0x0000000710900000|  0%| F|  |TAMS 0x0000000710800000, 0x0000000710800000| Untracked 
| 201|0x0000000710900000, 0x0000000710900000, 0x0000000710a00000|  0%| F|  |TAMS 0x0000000710900000, 0x0000000710900000| Untracked 
| 202|0x0000000710a00000, 0x0000000710a00000, 0x0000000710b00000|  0%| F|  |TAMS 0x0000000710a00000, 0x0000000710a00000| Untracked 
| 203|0x0000000710b00000, 0x0000000710b00000, 0x0000000710c00000|  0%| F|  |TAMS 0x0000000710b00000, 0x0000000710b00000| Untracked 
| 204|0x0000000710c00000, 0x0000000710c00000, 0x0000000710d00000|  0%| F|  |TAMS 0x0000000710c00000, 0x0000000710c00000| Untracked 
| 205|0x0000000710d00000, 0x0000000710d00000, 0x0000000710e00000|  0%| F|  |TAMS 0x0000000710d00000, 0x0000000710d00000| Untracked 
| 206|0x0000000710e00000, 0x0000000710e00000, 0x0000000710f00000|  0%| F|  |TAMS 0x0000000710e00000, 0x0000000710e00000| Untracked 
| 207|0x0000000710f00000, 0x0000000710f00000, 0x0000000711000000|  0%| F|  |TAMS 0x0000000710f00000, 0x0000000710f00000| Untracked 
| 208|0x0000000711000000, 0x0000000711000000, 0x0000000711100000|  0%| F|  |TAMS 0x0000000711000000, 0x0000000711000000| Untracked 
| 209|0x0000000711100000, 0x0000000711100000, 0x0000000711200000|  0%| F|  |TAMS 0x0000000711100000, 0x0000000711100000| Untracked 
| 210|0x0000000711200000, 0x0000000711200000, 0x0000000711300000|  0%| F|  |TAMS 0x0000000711200000, 0x0000000711200000| Untracked 
| 211|0x0000000711300000, 0x0000000711300000, 0x0000000711400000|  0%| F|  |TAMS 0x0000000711300000, 0x0000000711300000| Untracked 
| 212|0x0000000711400000, 0x0000000711400000, 0x0000000711500000|  0%| F|  |TAMS 0x0000000711400000, 0x0000000711400000| Untracked 
| 213|0x0000000711500000, 0x0000000711500000, 0x0000000711600000|  0%| F|  |TAMS 0x0000000711500000, 0x0000000711500000| Untracked 
| 214|0x0000000711600000, 0x0000000711600000, 0x0000000711700000|  0%| F|  |TAMS 0x0000000711600000, 0x0000000711600000| Untracked 
| 215|0x0000000711700000, 0x0000000711700000, 0x0000000711800000|  0%| F|  |TAMS 0x0000000711700000, 0x0000000711700000| Untracked 
| 216|0x0000000711800000, 0x0000000711800000, 0x0000000711900000|  0%| F|  |TAMS 0x0000000711800000, 0x0000000711800000| Untracked 
| 217|0x0000000711900000, 0x0000000711900000, 0x0000000711a00000|  0%| F|  |TAMS 0x0000000711900000, 0x0000000711900000| Untracked 
| 218|0x0000000711a00000, 0x0000000711a00000, 0x0000000711b00000|  0%| F|  |TAMS 0x0000000711a00000, 0x0000000711a00000| Untracked 
| 219|0x0000000711b00000, 0x0000000711b00000, 0x0000000711c00000|  0%| F|  |TAMS 0x0000000711b00000, 0x0000000711b00000| Untracked 
| 220|0x0000000711c00000, 0x0000000711c00000, 0x0000000711d00000|  0%| F|  |TAMS 0x0000000711c00000, 0x0000000711c00000| Untracked 
| 221|0x0000000711d00000, 0x0000000711d00000, 0x0000000711e00000|  0%| F|  |TAMS 0x0000000711d00000, 0x0000000711d00000| Untracked 
| 222|0x0000000711e00000, 0x0000000711e00000, 0x0000000711f00000|  0%| F|  |TAMS 0x0000000711e00000, 0x0000000711e00000| Untracked 
| 223|0x0000000711f00000, 0x0000000711f00000, 0x0000000712000000|  0%| F|  |TAMS 0x0000000711f00000, 0x0000000711f00000| Untracked 
| 224|0x0000000712000000, 0x0000000712000000, 0x0000000712100000|  0%| F|  |TAMS 0x0000000712000000, 0x0000000712000000| Untracked 
| 225|0x0000000712100000, 0x0000000712100000, 0x0000000712200000|  0%| F|  |TAMS 0x0000000712100000, 0x0000000712100000| Untracked 
| 226|0x0000000712200000, 0x0000000712200000, 0x0000000712300000|  0%| F|  |TAMS 0x0000000712200000, 0x0000000712200000| Untracked 
| 227|0x0000000712300000, 0x0000000712300000, 0x0000000712400000|  0%| F|  |TAMS 0x0000000712300000, 0x0000000712300000| Untracked 
| 228|0x0000000712400000, 0x000000071242e0e8, 0x0000000712500000| 17%| E|  |TAMS 0x0000000712400000, 0x0000000712400000| Complete 
| 229|0x0000000712500000, 0x0000000712600000, 0x0000000712600000|100%| E|CS|TAMS 0x0000000712500000, 0x0000000712500000| Complete 
| 230|0x0000000712600000, 0x0000000712700000, 0x0000000712700000|100%| E|CS|TAMS 0x0000000712600000, 0x0000000712600000| Complete 
| 231|0x0000000712700000, 0x0000000712800000, 0x0000000712800000|100%| E|CS|TAMS 0x0000000712700000, 0x0000000712700000| Complete 
| 232|0x0000000712800000, 0x0000000712900000, 0x0000000712900000|100%| E|CS|TAMS 0x0000000712800000, 0x0000000712800000| Complete 
| 233|0x0000000712900000, 0x0000000712a00000, 0x0000000712a00000|100%| E|CS|TAMS 0x0000000712900000, 0x0000000712900000| Complete 
| 234|0x0000000712a00000, 0x0000000712b00000, 0x0000000712b00000|100%| E|CS|TAMS 0x0000000712a00000, 0x0000000712a00000| Complete 
| 235|0x0000000712b00000, 0x0000000712c00000, 0x0000000712c00000|100%| E|CS|TAMS 0x0000000712b00000, 0x0000000712b00000| Complete 
| 236|0x0000000712c00000, 0x0000000712d00000, 0x0000000712d00000|100%| E|CS|TAMS 0x0000000712c00000, 0x0000000712c00000| Complete 
| 237|0x0000000712d00000, 0x0000000712e00000, 0x0000000712e00000|100%| E|CS|TAMS 0x0000000712d00000, 0x0000000712d00000| Complete 
| 238|0x0000000712e00000, 0x0000000712f00000, 0x0000000712f00000|100%| E|CS|TAMS 0x0000000712e00000, 0x0000000712e00000| Complete 
| 239|0x0000000712f00000, 0x0000000713000000, 0x0000000713000000|100%| E|CS|TAMS 0x0000000712f00000, 0x0000000712f00000| Complete 
| 240|0x0000000713000000, 0x0000000713100000, 0x0000000713100000|100%| E|CS|TAMS 0x0000000713000000, 0x0000000713000000| Complete 
| 241|0x0000000713100000, 0x0000000713200000, 0x0000000713200000|100%| E|CS|TAMS 0x0000000713100000, 0x0000000713100000| Complete 
| 242|0x0000000713200000, 0x0000000713300000, 0x0000000713300000|100%| E|CS|TAMS 0x0000000713200000, 0x0000000713200000| Complete 
| 243|0x0000000713300000, 0x0000000713400000, 0x0000000713400000|100%| E|CS|TAMS 0x0000000713300000, 0x0000000713300000| Complete 
| 244|0x0000000713400000, 0x0000000713500000, 0x0000000713500000|100%| E|CS|TAMS 0x0000000713400000, 0x0000000713400000| Complete 
| 245|0x0000000713500000, 0x0000000713600000, 0x0000000713600000|100%| E|CS|TAMS 0x0000000713500000, 0x0000000713500000| Complete 
| 246|0x0000000713600000, 0x0000000713700000, 0x0000000713700000|100%| E|CS|TAMS 0x0000000713600000, 0x0000000713600000| Complete 
| 247|0x0000000713700000, 0x0000000713800000, 0x0000000713800000|100%| E|CS|TAMS 0x0000000713700000, 0x0000000713700000| Complete 
| 248|0x0000000713800000, 0x0000000713900000, 0x0000000713900000|100%| E|CS|TAMS 0x0000000713800000, 0x0000000713800000| Complete 
| 249|0x0000000713900000, 0x0000000713a00000, 0x0000000713a00000|100%| E|CS|TAMS 0x0000000713900000, 0x0000000713900000| Complete 
| 250|0x0000000713a00000, 0x0000000713b00000, 0x0000000713b00000|100%| E|CS|TAMS 0x0000000713a00000, 0x0000000713a00000| Complete 
| 251|0x0000000713b00000, 0x0000000713c00000, 0x0000000713c00000|100%| E|CS|TAMS 0x0000000713b00000, 0x0000000713b00000| Complete 

Card table byte_map: [0x000002ce7b5d0000,0x000002ce7bdb0000] _byte_map_base: 0x000002ce77db0000

Marking Bits (Prev, Next): (CMBitMap*) 0x000002ce6149bc38, (CMBitMap*) 0x000002ce6149bc70
 Prev Bits: [0x000002ce00000000, 0x000002ce03f00000)
 Next Bits: [0x000002ce03f00000, 0x000002ce07e00000)

Polling page: 0x000002ce61500000

Metaspace:

Usage:
  Non-class:     40.08 MB capacity,    38.88 MB ( 97%) used,   984.74 KB (  2%) free+waste,   241.06 KB ( <1%) overhead. 
      Class:      6.22 MB capacity,     5.40 MB ( 87%) used,   723.93 KB ( 11%) free+waste,   115.38 KB (  2%) overhead. 
       Both:     46.29 MB capacity,    44.28 MB ( 96%) used,     1.67 MB (  4%) free+waste,   356.44 KB ( <1%) overhead. 

Virtual space:
  Non-class space:       42.00 MB reserved,      40.25 MB ( 96%) committed 
      Class space:        1.00 GB reserved,       6.25 MB ( <1%) committed 
             Both:        1.04 GB reserved,      46.50 MB (  4%) committed 

Chunk freelists:
   Non-Class:  49.00 KB
       Class:  0 bytes
        Both:  49.00 KB

MaxMetaspaceSize: 17179869184.00 GB
CompressedClassSpaceSize: 1.00 GB
Initial GC threshold: 20.80 MB
Current GC threshold: 58.75 MB
CDS: off

CodeHeap 'non-profiled nmethods': size=120000Kb used=6210Kb max_used=6210Kb free=113790Kb
 bounds [0x000002ce72e40000, 0x000002ce73460000, 0x000002ce7a370000]
CodeHeap 'profiled nmethods': size=120000Kb used=19576Kb max_used=19576Kb free=100423Kb
 bounds [0x000002ce6b910000, 0x000002ce6cc30000, 0x000002ce72e40000]
CodeHeap 'non-nmethods': size=5760Kb used=1629Kb max_used=1717Kb free=4130Kb
 bounds [0x000002ce6b370000, 0x000002ce6b5e0000, 0x000002ce6b910000]
 total_blobs=9274 nmethods=8374 adapters=818
 compilation: enabled
              stopped_count=0, restarted_count=0
 full_count=0

Compilation events (20 events):
Event: 76.224 Thread 0x000002ce7fa53000 8402       3       java.util.LinkedList::descendingIterator (9 bytes)
Event: 76.225 Thread 0x000002ce7fa53000 nmethod 8402 0x000002ce6cc2c710 code [0x000002ce6cc2c8e0, 0x000002ce6cc2cca8]
Event: 76.225 Thread 0x000002ce7fa53000 8403       3       java.util.LinkedList$DescendingIterator::<init> (32 bytes)
Event: 76.225 Thread 0x000002ce7fa53000 nmethod 8403 0x000002ce6cc2ce10 code [0x000002ce6cc2cfe0, 0x000002ce6cc2d2e8]
Event: 81.733 Thread 0x000002ce7fa4e000 8404       4       java.util.HashSet::remove (20 bytes)
Event: 81.734 Thread 0x000002ce7fa4e000 nmethod 8404 0x000002ce7344e290 code [0x000002ce7344e440, 0x000002ce7344e528]
Event: 83.327 Thread 0x000002ce7fa4e000 8405       4       java.lang.Thread::isInterrupted (6 bytes)
Event: 83.327 Thread 0x000002ce7fa4e000 nmethod 8405 0x000002ce7344e610 code [0x000002ce7344e7a0, 0x000002ce7344e848]
Event: 84.842 Thread 0x000002ce7fa4e000 8406       4       com.sun.javafx.tk.quantum.QuantumToolkit::postPulse (133 bytes)
Event: 84.846 Thread 0x000002ce7fa4e000 nmethod 8406 0x000002ce7344e910 code [0x000002ce7344eb00, 0x000002ce7344f1d8]
Event: 86.869 Thread 0x000002ce7fa4e000 8407       4       com.sun.javafx.tk.quantum.QuantumToolkit$$Lambda$108/0x000000080011cc40::run (8 bytes)
Event: 86.883 Thread 0x000002ce7fa4e000 nmethod 8407 0x000002ce7344f610 code [0x000002ce7344f800, 0x000002ce7344ffc8]
Event: 86.932 Thread 0x000002ce7fa53000 8408       3       java.lang.Long::compare (22 bytes)
Event: 86.932 Thread 0x000002ce7fa53000 nmethod 8408 0x000002ce6cc2d410 code [0x000002ce6cc2d5c0, 0x000002ce6cc2d778]
Event: 87.557 Thread 0x000002ce7fa53000 8409       3       java.time.Instant::isAfter (14 bytes)
Event: 87.557 Thread 0x000002ce7fa53000 nmethod 8409 0x000002ce6cc2d810 code [0x000002ce6cc2d9e0, 0x000002ce6cc2dcf8]
Event: 87.557 Thread 0x000002ce7fa53000 8410       3       java.time.Instant::compareTo (28 bytes)
Event: 87.558 Thread 0x000002ce7fa53000 nmethod 8410 0x000002ce6cc2de10 code [0x000002ce6cc2dfe0, 0x000002ce6cc2e258]
Event: 111.728 Thread 0x000002ce7fa53000 8411       1       java.util.logging.Logger::getName (5 bytes)
Event: 111.728 Thread 0x000002ce7fa53000 nmethod 8411 0x000002ce73450510 code [0x000002ce734506c0, 0x000002ce73450778]

GC Heap History (12 events):
Event: 0.478 GC heap before
{Heap before GC invocations=0 (full 0):
 garbage-first heap   total 258048K, used 23552K [0x0000000704000000, 0x0000000800000000)
  region size 1024K, 24 young (24576K), 0 survivors (0K)
 Metaspace       used 7543K, capacity 7738K, committed 7936K, reserved 1056768K
  class space    used 663K, capacity 727K, committed 768K, reserved 1048576K
}
Event: 0.480 GC heap after
{Heap after GC invocations=1 (full 0):
 garbage-first heap   total 258048K, used 1801K [0x0000000704000000, 0x0000000800000000)
  region size 1024K, 2 young (2048K), 2 survivors (2048K)
 Metaspace       used 7543K, capacity 7738K, committed 7936K, reserved 1056768K
  class space    used 663K, capacity 727K, committed 768K, reserved 1048576K
}
Event: 1.612 GC heap before
{Heap before GC invocations=1 (full 0):
 garbage-first heap   total 258048K, used 57097K [0x0000000704000000, 0x0000000800000000)
  region size 1024K, 53 young (54272K), 2 survivors (2048K)
 Metaspace       used 20573K, capacity 21176K, committed 21248K, reserved 1067008K
  class space    used 2497K, capacity 2793K, committed 2816K, reserved 1048576K
}
Event: 1.624 GC heap after
{Heap after GC invocations=2 (full 0):
 garbage-first heap   total 258048K, used 12019K [0x0000000704000000, 0x0000000800000000)
  region size 1024K, 8 young (8192K), 8 survivors (8192K)
 Metaspace       used 20573K, capacity 21176K, committed 21248K, reserved 1067008K
  class space    used 2497K, capacity 2793K, committed 2816K, reserved 1048576K
}
Event: 8.233 GC heap before
{Heap before GC invocations=3 (full 0):
 garbage-first heap   total 258048K, used 67315K [0x0000000704000000, 0x0000000800000000)
  region size 1024K, 60 young (61440K), 8 survivors (8192K)
 Metaspace       used 34678K, capacity 35741K, committed 35840K, reserved 1081344K
  class space    used 4207K, capacity 4691K, committed 4736K, reserved 1048576K
}
Event: 8.244 GC heap after
{Heap after GC invocations=4 (full 0):
 garbage-first heap   total 258048K, used 20122K [0x0000000704000000, 0x0000000800000000)
  region size 1024K, 6 young (6144K), 6 survivors (6144K)
 Metaspace       used 34678K, capacity 35741K, committed 35840K, reserved 1081344K
  class space    used 4207K, capacity 4691K, committed 4736K, reserved 1048576K
}
Event: 10.643 GC heap before
{Heap before GC invocations=5 (full 0):
 garbage-first heap   total 258048K, used 85658K [0x0000000704000000, 0x0000000800000000)
  region size 1024K, 70 young (71680K), 6 survivors (6144K)
 Metaspace       used 41226K, capacity 43020K, committed 43136K, reserved 1087488K
  class space    used 5197K, capacity 5939K, committed 6016K, reserved 1048576K
}
Event: 10.656 GC heap after
{Heap after GC invocations=6 (full 0):
 garbage-first heap   total 258048K, used 33498K [0x0000000704000000, 0x0000000800000000)
  region size 1024K, 9 young (9216K), 9 survivors (9216K)
 Metaspace       used 41226K, capacity 43020K, committed 43136K, reserved 1087488K
  class space    used 5197K, capacity 5939K, committed 6016K, reserved 1048576K
}
Event: 20.334 GC heap before
{Heap before GC invocations=6 (full 0):
 garbage-first heap   total 258048K, used 93914K [0x0000000704000000, 0x0000000800000000)
  region size 1024K, 62 young (63488K), 9 survivors (9216K)
 Metaspace       used 43752K, capacity 45656K, committed 45952K, reserved 1089536K
  class space    used 5394K, capacity 6194K, committed 6272K, reserved 1048576K
}
Event: 20.347 GC heap after
{Heap after GC invocations=7 (full 0):
 garbage-first heap   total 258048K, used 51459K [0x0000000704000000, 0x0000000800000000)
  region size 1024K, 8 young (8192K), 8 survivors (8192K)
 Metaspace       used 43752K, capacity 45656K, committed 45952K, reserved 1089536K
  class space    used 5394K, capacity 6194K, committed 6272K, reserved 1048576K
}
Event: 57.901 GC heap before
{Heap before GC invocations=7 (full 0):
 garbage-first heap   total 258048K, used 120067K [0x0000000704000000, 0x0000000800000000)
  region size 1024K, 75 young (76800K), 8 survivors (8192K)
 Metaspace       used 45108K, capacity 47098K, committed 47360K, reserved 1089536K
  class space    used 5517K, capacity 6355K, committed 6400K, reserved 1048576K
}
Event: 57.913 GC heap after
{Heap after GC invocations=8 (full 0):
 garbage-first heap   total 258048K, used 61664K [0x0000000704000000, 0x0000000800000000)
  region size 1024K, 9 young (9216K), 9 survivors (9216K)
 Metaspace       used 45108K, capacity 47098K, committed 47360K, reserved 1089536K
  class space    used 5517K, capacity 6355K, committed 6400K, reserved 1048576K
}

Deoptimization events (20 events):
Event: 66.446 Thread 0x000002ce08828000 DEOPT PACKING pc=0x000002ce6c7f3a1c sp=0x000000e87a7f3eb0
Event: 66.446 Thread 0x000002ce08828000 DEOPT UNPACKING pc=0x000002ce6b3b9d0e sp=0x000000e87a7f33f0 mode 1
Event: 66.446 Thread 0x000002ce08828000 DEOPT PACKING pc=0x000002ce6c7f24cc sp=0x000000e87a7f4060
Event: 66.446 Thread 0x000002ce08828000 DEOPT UNPACKING pc=0x000002ce6b3b9d0e sp=0x000000e87a7f3508 mode 1
Event: 66.446 Thread 0x000002ce08828000 DEOPT PACKING pc=0x000002ce6c6f90dc sp=0x000000e87a7f5a40
Event: 66.446 Thread 0x000002ce08828000 DEOPT UNPACKING pc=0x000002ce6b3b9d0e sp=0x000000e87a7f4ed0 mode 1
Event: 66.446 Thread 0x000002ce08828000 DEOPT PACKING pc=0x000002ce6c53a99c sp=0x000000e87a7f5ad0
Event: 66.446 Thread 0x000002ce08828000 DEOPT UNPACKING pc=0x000002ce6b3b9d0e sp=0x000000e87a7f4fb8 mode 1
Event: 66.446 Thread 0x000002ce08828000 DEOPT PACKING pc=0x000002ce6c6f7f5c sp=0x000000e87a7f5b70
Event: 66.446 Thread 0x000002ce08828000 DEOPT UNPACKING pc=0x000002ce6b3b9d0e sp=0x000000e87a7f5040 mode 1
Event: 66.446 Thread 0x000002ce08828000 DEOPT PACKING pc=0x000002ce6c56b264 sp=0x000000e87a7f5c40
Event: 66.446 Thread 0x000002ce08828000 DEOPT UNPACKING pc=0x000002ce6b3b9d0e sp=0x000000e87a7f5118 mode 1
Event: 111.725 Thread 0x000002ce7fa46800 Uncommon trap: trap_request=0xffffffc6 fr.pc=0x000002ce7322892c relative=0x000000000000094c
Event: 111.725 Thread 0x000002ce7fa46800 Uncommon trap: reason=bimorphic_or_optimized_type_check action=maybe_recompile pc=0x000002ce7322892c method=java.util.Hashtable.get(Ljava/lang/Object;)Ljava/lang/Object; @ 6 c2
Event: 111.725 Thread 0x000002ce7fa46800 DEOPT PACKING pc=0x000002ce7322892c sp=0x000000e8793ff120
Event: 111.725 Thread 0x000002ce7fa46800 DEOPT UNPACKING pc=0x000002ce6b3785af sp=0x000000e8793ff0e0 mode 2
Event: 111.728 Thread 0x000002ce08e20800 DEOPT PACKING pc=0x000002ce6be76e04 sp=0x000000e87a5fed10
Event: 111.728 Thread 0x000002ce08e20800 DEOPT UNPACKING pc=0x000002ce6b3b9d0e sp=0x000000e87a5fe1d8 mode 1
Event: 111.728 Thread 0x000002ce08e20800 DEOPT PACKING pc=0x000002ce6cb46b74 sp=0x000000e87a5fee90
Event: 111.728 Thread 0x000002ce08e20800 DEOPT UNPACKING pc=0x000002ce6b3b9d0e sp=0x000000e87a5fe390 mode 1

Classes redefined (0 events):
No events

Internal exceptions (20 events):
Event: 10.469 Thread 0x000002ce08828000 Exception <a 'java/lang/ClassCastException'{0x0000000710526c70}: class java.lang.String cannot be cast to class javafx.css.Size (java.lang.String is in module java.base of loader 'bootstrap'; javafx.css.Size is in module javafx.graphics@19.0.2.1 of loader 'app')> (0x0000000710526c70) thrown at [s\src\hotspot\share\interpreter\interpreterRuntime.cpp, line 459]
Event: 10.494 Thread 0x000002ce08828000 Exception <a 'java/lang/ClassCastException'{0x0000000710487fe0}: class java.lang.String cannot be cast to class javafx.css.Size (java.lang.String is in module java.base of loader 'bootstrap'; javafx.css.Size is in module javafx.graphics@19.0.2.1 of loader 'app')> (0x0000000710487fe0) thrown at [s\src\hotspot\share\interpreter\interpreterRuntime.cpp, line 459]
Event: 10.510 Thread 0x000002ce08828000 Exception <a 'java/lang/ClassCastException'{0x0000000710386f98}: class java.lang.String cannot be cast to class javafx.css.Size (java.lang.String is in module java.base of loader 'bootstrap'; javafx.css.Size is in module javafx.graphics@19.0.2.1 of loader 'app')> (0x0000000710386f98) thrown at [s\src\hotspot\share\interpreter\interpreterRuntime.cpp, line 459]
Event: 10.889 Thread 0x000002ce08e20800 Exception <a 'java/lang/NoSuchMethodError'{0x00000007131e0e98}: 'java.lang.Object java.lang.invoke.DirectMethodHandle$Holder.invokeStaticInit(java.lang.Object, int)'> (0x00000007131e0e98) thrown at [s\src\hotspot\share\interpreter\linkResolver.cpp, line 773]
Event: 15.291 Thread 0x000002ce08828000 Exception <a 'java/lang/NoSuchMethodError'{0x0000000712c23510}: 'java.lang.Object java.lang.invoke.DirectMethodHandle$Holder.invokeStatic(java.lang.Object, java.lang.Object, java.lang.Object, java.lang.Object, java.lang.Object, java.lang.Object, int)'> (0x0000000712c23510) thrown at [s\src\hotspot\share\interpreter\linkResolver.cpp, line 773]
Event: 21.751 Thread 0x000002ce08828000 Implicit null exception at 0x000002ce7319975a to 0x000002ce731a8b1c
Event: 21.751 Thread 0x000002ce08828000 Implicit null exception at 0x000002ce731e641c to 0x000002ce731f40f8
Event: 29.688 Thread 0x000002ce08828000 Exception <a 'java/lang/NoSuchMethodError'{0x000000071278aad0}: 'java.lang.Object java.lang.invoke.DirectMethodHandle$Holder.invokeStatic(java.lang.Object, java.lang.Object, java.lang.Object, double, double, double, double, int, int, int, int, int, int, int, int, int)'> (0x000000071278aad0) thrown at [s\src\hotspot\share\interpreter\linkResolver.cpp, line 773]
Event: 34.052 Thread 0x000002ce08828000 Exception <a 'java/lang/NoSuchMethodError'{0x00000007118d3c38}: 'java.lang.Object java.lang.invoke.Invokers$Holder.linkToTargetMethod(java.lang.Object, int, int, java.lang.Object)'> (0x00000007118d3c38) thrown at [s\src\hotspot\share\interpreter\linkResolver.cpp, line 773]
Event: 34.093 Thread 0x000002ce08e20800 Implicit null exception at 0x000002ce7333e3bb to 0x000002ce73340354
Event: 35.491 Thread 0x000002ce08828000 Implicit null exception at 0x000002ce7336d9d4 to 0x000002ce7336e48c
Event: 36.386 Thread 0x000002ce08828000 Implicit null exception at 0x000002ce732cfd4c to 0x000002ce732cfd94
Event: 38.119 Thread 0x000002ce08828000 Implicit null exception at 0x000002ce7334db53 to 0x000002ce7334ec50
Event: 39.223 Thread 0x000002ce08828000 Implicit null exception at 0x000002ce733c1dd4 to 0x000002ce733c2d66
Event: 39.223 Thread 0x000002ce08828000 Implicit null exception at 0x000002ce7312eeae to 0x000002ce7312fd08
Event: 64.107 Thread 0x000002ce08828000 Implicit null exception at 0x000002ce7334b123 to 0x000002ce7334c2b0
Event: 66.445 Thread 0x000002ce08828000 Exception <a 'java/lang/NullPointerException'{0x00000007128c4440}> (0x00000007128c4440) thrown at [s\src\hotspot\share\interpreter\linkResolver.cpp, line 1358]
Event: 66.445 Thread 0x000002ce08828000 Exception <a 'java/lang/reflect/InvocationTargetException'{0x00000007128c5700}> (0x00000007128c5700) thrown at [s\src\hotspot\share\runtime\reflection.cpp, line 1247]
Event: 66.446 Thread 0x000002ce08828000 Exception <a 'java/lang/RuntimeException'{0x00000007128c7730}> (0x00000007128c7730) thrown at [s\src\hotspot\share\prims\jvm.cpp, line 1310]
Event: 111.728 Thread 0x000002ce0f2c5000 Exception <a 'java/lang/IllegalStateException'{0x00000007124152b8}> (0x00000007124152b8) thrown at [s\src\hotspot\share\prims\jvm.cpp, line 1310]

Events (20 events):
Event: 111.726 Executing VM operation: RevokeBias
Event: 111.727 Executing VM operation: RevokeBias done
Event: 111.727 Executing VM operation: RevokeBias
Event: 111.727 Executing VM operation: RevokeBias done
Event: 111.727 Executing VM operation: RevokeBias
Event: 111.727 Executing VM operation: RevokeBias done
Event: 111.727 Executing VM operation: RevokeBias
Event: 111.727 loading class com/sun/javafx/font/PrismFontFile
Event: 111.727 Executing VM operation: RevokeBias done
Event: 111.727 loading class com/sun/javafx/font/PrismFontFile done
Event: 111.727 Executing VM operation: RevokeBias
Event: 111.727 loading class com/sun/javafx/tk/quantum/QuantumRenderer
Event: 111.727 loading class com/sun/javafx/tk/quantum/QuantumRenderer done
Event: 111.728 Executing VM operation: RevokeBias done
Event: 111.728 Thread 0x000002ce0f2c3800 Thread exited: 0x000002ce0f2c3800
Event: 111.728 loading class com/sun/javafx/tk/quantum/QuantumToolkit
Event: 111.728 loading class com/sun/javafx/tk/quantum/QuantumToolkit done
Event: 111.728 Thread 0x000002ce0f2c5000 Thread exited: 0x000002ce0f2c5000
Event: 111.728 Thread 0x000002ce0f2c4800 Thread exited: 0x000002ce0f2c4800
Event: 111.729 Executing VM operation: Exit


Dynamic libraries:
0x00007ff76d2d0000 - 0x00007ff76d2dd000 	C:\Users\Admin\.jdks\corretto-11.0.19\bin\java.exe
0x00007ffc66450000 - 0x00007ffc66664000 	C:\Windows\SYSTEM32\ntdll.dll
0x00007ffc65820000 - 0x00007ffc658e4000 	C:\Windows\System32\KERNEL32.DLL
0x00007ffc63830000 - 0x00007ffc63bd4000 	C:\Windows\System32\KERNELBASE.dll
0x00007ffc63d50000 - 0x00007ffc63e61000 	C:\Windows\System32\ucrtbase.dll
0x00007ffc4ceb0000 - 0x00007ffc4cec9000 	C:\Users\Admin\.jdks\corretto-11.0.19\bin\VCRUNTIME140.dll
0x00007ffc4d3d0000 - 0x00007ffc4d3e7000 	C:\Users\Admin\.jdks\corretto-11.0.19\bin\jli.dll
0x00007ffc65a20000 - 0x00007ffc65bca000 	C:\Windows\System32\USER32.dll
0x00007ffc483f0000 - 0x00007ffc4867f000 	C:\Windows\WinSxS\amd64_microsoft.windows.common-controls_6595b64144ccf1df_6.0.22621.2070_none_2713e6537381f706\COMCTL32.dll
0x00007ffc63f30000 - 0x00007ffc63f56000 	C:\Windows\System32\win32u.dll
0x00007ffc64b50000 - 0x00007ffc64bf7000 	C:\Windows\System32\msvcrt.dll
0x00007ffc65910000 - 0x00007ffc65939000 	C:\Windows\System32\GDI32.dll
0x00007ffc64080000 - 0x00007ffc64199000 	C:\Windows\System32\gdi32full.dll
0x00007ffc63fe0000 - 0x00007ffc6407a000 	C:\Windows\System32\msvcp_win.dll
0x00007ffc657e0000 - 0x00007ffc65811000 	C:\Windows\System32\IMM32.DLL
0x00007ffc24160000 - 0x00007ffc241fb000 	C:\Users\Admin\.jdks\corretto-11.0.19\bin\msvcp140.dll
0x00007ffbaab40000 - 0x00007ffbab6ca000 	C:\Users\Admin\.jdks\corretto-11.0.19\bin\server\jvm.dll
0x00007ffc66360000 - 0x00007ffc66410000 	C:\Windows\System32\ADVAPI32.dll
0x00007ffc654d0000 - 0x00007ffc65576000 	C:\Windows\System32\sechost.dll
0x00007ffc64a30000 - 0x00007ffc64b47000 	C:\Windows\System32\RPCRT4.dll
0x00007ffc65f00000 - 0x00007ffc65f08000 	C:\Windows\System32\PSAPI.DLL
0x00007ffc59310000 - 0x00007ffc59319000 	C:\Windows\SYSTEM32\WSOCK32.dll
0x00007ffc592d0000 - 0x00007ffc59304000 	C:\Windows\SYSTEM32\WINMM.dll
0x00007ffc59dc0000 - 0x00007ffc59dca000 	C:\Windows\SYSTEM32\VERSION.dll
0x00007ffc65760000 - 0x00007ffc657d1000 	C:\Windows\System32\WS2_32.dll
0x00007ffc627e0000 - 0x00007ffc627f8000 	C:\Windows\SYSTEM32\kernel.appcore.dll
0x00007ffc54600000 - 0x00007ffc54610000 	C:\Users\Admin\.jdks\corretto-11.0.19\bin\verify.dll
0x00007ffc611b0000 - 0x00007ffc613de000 	C:\Windows\SYSTEM32\DBGHELP.DLL
0x00007ffc65fc0000 - 0x00007ffc6634a000 	C:\Windows\System32\combase.dll
0x00007ffc65940000 - 0x00007ffc65a17000 	C:\Windows\System32\OLEAUT32.dll
0x00007ffc44040000 - 0x00007ffc44072000 	C:\Windows\SYSTEM32\dbgcore.DLL
0x00007ffc63f60000 - 0x00007ffc63fda000 	C:\Windows\System32\bcryptPrimitives.dll
0x00007ffc4c9d0000 - 0x00007ffc4c9f8000 	C:\Users\Admin\.jdks\corretto-11.0.19\bin\java.dll
0x00007ffc545a0000 - 0x00007ffc545aa000 	C:\Users\Admin\.jdks\corretto-11.0.19\bin\jimage.dll
0x00007ffc53d70000 - 0x00007ffc53da8000 	C:\Users\Admin\.jdks\corretto-11.0.19\bin\jdwp.dll
0x00007ffc538e0000 - 0x00007ffc538ee000 	C:\Users\Admin\.jdks\corretto-11.0.19\bin\instrument.dll
0x00007ffc4c130000 - 0x00007ffc4c148000 	C:\Users\Admin\.jdks\corretto-11.0.19\bin\zip.dll
0x00007ffc64210000 - 0x00007ffc64a26000 	C:\Windows\System32\SHELL32.dll
0x00007ffc617b0000 - 0x00007ffc6209a000 	C:\Windows\SYSTEM32\windows.storage.dll
0x00007ffc61670000 - 0x00007ffc617ae000 	C:\Windows\SYSTEM32\wintypes.dll
0x00007ffc65580000 - 0x00007ffc65673000 	C:\Windows\System32\SHCORE.dll
0x00007ffc656d0000 - 0x00007ffc6572e000 	C:\Windows\System32\shlwapi.dll
0x00007ffc63760000 - 0x00007ffc63786000 	C:\Windows\SYSTEM32\profapi.dll
0x00007ffc4bee0000 - 0x00007ffc4bef9000 	C:\Users\Admin\.jdks\corretto-11.0.19\bin\net.dll
0x00007ffc5e130000 - 0x00007ffc5e267000 	C:\Windows\SYSTEM32\WINHTTP.dll
0x00007ffc62ca0000 - 0x00007ffc62d09000 	C:\Windows\system32\mswsock.dll
0x00007ffc4bec0000 - 0x00007ffc4bed3000 	C:\Users\Admin\.jdks\corretto-11.0.19\bin\nio.dll
0x00007ffc53d60000 - 0x00007ffc53d6a000 	C:\Users\Admin\.jdks\corretto-11.0.19\bin\dt_socket.dll
0x000002ce7ff40000 - 0x000002ce7ff43000 	C:\Users\Admin\.openjfx\cache\19.0.2.1+1\amd64\api-ms-win-core-console-l1-1-0.dll
0x000002ce7ff50000 - 0x000002ce7ff53000 	C:\Users\Admin\.openjfx\cache\19.0.2.1+1\amd64\api-ms-win-core-console-l1-2-0.dll
0x000002ce7ff60000 - 0x000002ce7ff63000 	C:\Users\Admin\.openjfx\cache\19.0.2.1+1\amd64\api-ms-win-core-datetime-l1-1-0.dll
0x000002ce7ff70000 - 0x000002ce7ff73000 	C:\Users\Admin\.openjfx\cache\19.0.2.1+1\amd64\api-ms-win-core-debug-l1-1-0.dll
0x000002ce7ff80000 - 0x000002ce7ff83000 	C:\Users\Admin\.openjfx\cache\19.0.2.1+1\amd64\api-ms-win-core-errorhandling-l1-1-0.dll
0x000002ce7ff90000 - 0x000002ce7ff94000 	C:\Users\Admin\.openjfx\cache\19.0.2.1+1\amd64\api-ms-win-core-file-l1-1-0.dll
0x000002ce7ffa0000 - 0x000002ce7ffa3000 	C:\Users\Admin\.openjfx\cache\19.0.2.1+1\amd64\api-ms-win-core-file-l1-2-0.dll
0x000002ce7ffb0000 - 0x000002ce7ffb3000 	C:\Users\Admin\.openjfx\cache\19.0.2.1+1\amd64\api-ms-win-core-file-l2-1-0.dll
0x000002ce7ffc0000 - 0x000002ce7ffc3000 	C:\Users\Admin\.openjfx\cache\19.0.2.1+1\amd64\api-ms-win-core-handle-l1-1-0.dll
0x000002ce7ffd0000 - 0x000002ce7ffd3000 	C:\Users\Admin\.openjfx\cache\19.0.2.1+1\amd64\api-ms-win-core-heap-l1-1-0.dll
0x000002ce7ffe0000 - 0x000002ce7ffe3000 	C:\Users\Admin\.openjfx\cache\19.0.2.1+1\amd64\api-ms-win-core-interlocked-l1-1-0.dll
0x000002ce7fff0000 - 0x000002ce7fff3000 	C:\Users\Admin\.openjfx\cache\19.0.2.1+1\amd64\api-ms-win-core-libraryloader-l1-1-0.dll
0x000002ce097d0000 - 0x000002ce097d3000 	C:\Users\Admin\.openjfx\cache\19.0.2.1+1\amd64\api-ms-win-core-localization-l1-2-0.dll
0x000002ce097e0000 - 0x000002ce097e3000 	C:\Users\Admin\.openjfx\cache\19.0.2.1+1\amd64\api-ms-win-core-memory-l1-1-0.dll
0x000002ce097f0000 - 0x000002ce097f3000 	C:\Users\Admin\.openjfx\cache\19.0.2.1+1\amd64\api-ms-win-core-namedpipe-l1-1-0.dll
0x000002ce09800000 - 0x000002ce09803000 	C:\Users\Admin\.openjfx\cache\19.0.2.1+1\amd64\api-ms-win-core-processenvironment-l1-1-0.dll
0x000002ce09810000 - 0x000002ce09813000 	C:\Users\Admin\.openjfx\cache\19.0.2.1+1\amd64\api-ms-win-core-processthreads-l1-1-0.dll
0x000002ce09820000 - 0x000002ce09823000 	C:\Users\Admin\.openjfx\cache\19.0.2.1+1\amd64\api-ms-win-core-processthreads-l1-1-1.dll
0x000002ce09830000 - 0x000002ce09833000 	C:\Users\Admin\.openjfx\cache\19.0.2.1+1\amd64\api-ms-win-core-profile-l1-1-0.dll
0x000002ce09840000 - 0x000002ce09843000 	C:\Users\Admin\.openjfx\cache\19.0.2.1+1\amd64\api-ms-win-core-rtlsupport-l1-1-0.dll
0x000002ce09850000 - 0x000002ce09853000 	C:\Users\Admin\.openjfx\cache\19.0.2.1+1\amd64\api-ms-win-core-string-l1-1-0.dll
0x000002ce09860000 - 0x000002ce09863000 	C:\Users\Admin\.openjfx\cache\19.0.2.1+1\amd64\api-ms-win-core-synch-l1-1-0.dll
0x000002ce09870000 - 0x000002ce09873000 	C:\Users\Admin\.openjfx\cache\19.0.2.1+1\amd64\api-ms-win-core-synch-l1-2-0.dll
0x000002ce09880000 - 0x000002ce09883000 	C:\Users\Admin\.openjfx\cache\19.0.2.1+1\amd64\api-ms-win-core-sysinfo-l1-1-0.dll
0x000002ce09890000 - 0x000002ce09893000 	C:\Users\Admin\.openjfx\cache\19.0.2.1+1\amd64\api-ms-win-core-timezone-l1-1-0.dll
0x000002ce098a0000 - 0x000002ce098a3000 	C:\Users\Admin\.openjfx\cache\19.0.2.1+1\amd64\api-ms-win-core-util-l1-1-0.dll
0x000002ce098b0000 - 0x000002ce098b3000 	C:\Users\Admin\.openjfx\cache\19.0.2.1+1\amd64\api-ms-win-crt-conio-l1-1-0.dll
0x000002ce098c0000 - 0x000002ce098c4000 	C:\Users\Admin\.openjfx\cache\19.0.2.1+1\amd64\api-ms-win-crt-convert-l1-1-0.dll
0x000002ce098d0000 - 0x000002ce098d3000 	C:\Users\Admin\.openjfx\cache\19.0.2.1+1\amd64\api-ms-win-crt-environment-l1-1-0.dll
0x000002ce098e0000 - 0x000002ce098e3000 	C:\Users\Admin\.openjfx\cache\19.0.2.1+1\amd64\api-ms-win-crt-filesystem-l1-1-0.dll
0x000002ce098f0000 - 0x000002ce098f3000 	C:\Users\Admin\.openjfx\cache\19.0.2.1+1\amd64\api-ms-win-crt-heap-l1-1-0.dll
0x000002ce09900000 - 0x000002ce09903000 	C:\Users\Admin\.openjfx\cache\19.0.2.1+1\amd64\api-ms-win-crt-locale-l1-1-0.dll
0x000002ce09910000 - 0x000002ce09915000 	C:\Users\Admin\.openjfx\cache\19.0.2.1+1\amd64\api-ms-win-crt-math-l1-1-0.dll
0x000002ce09920000 - 0x000002ce09925000 	C:\Users\Admin\.openjfx\cache\19.0.2.1+1\amd64\api-ms-win-crt-multibyte-l1-1-0.dll
0x000002ce09930000 - 0x000002ce09940000 	C:\Users\Admin\.openjfx\cache\19.0.2.1+1\amd64\api-ms-win-crt-private-l1-1-0.dll
0x000002ce09940000 - 0x000002ce09943000 	C:\Users\Admin\.openjfx\cache\19.0.2.1+1\amd64\api-ms-win-crt-process-l1-1-0.dll
0x000002ce09950000 - 0x000002ce09954000 	C:\Users\Admin\.openjfx\cache\19.0.2.1+1\amd64\api-ms-win-crt-runtime-l1-1-0.dll
0x000002ce09960000 - 0x000002ce09964000 	C:\Users\Admin\.openjfx\cache\19.0.2.1+1\amd64\api-ms-win-crt-stdio-l1-1-0.dll
0x000002ce09970000 - 0x000002ce09974000 	C:\Users\Admin\.openjfx\cache\19.0.2.1+1\amd64\api-ms-win-crt-string-l1-1-0.dll
0x000002ce09980000 - 0x000002ce09983000 	C:\Users\Admin\.openjfx\cache\19.0.2.1+1\amd64\api-ms-win-crt-time-l1-1-0.dll
0x000002ce09990000 - 0x000002ce09993000 	C:\Users\Admin\.openjfx\cache\19.0.2.1+1\amd64\api-ms-win-crt-utility-l1-1-0.dll
0x00007ffc2bb00000 - 0x00007ffc2bbfc000 	C:\Users\Admin\.openjfx\cache\19.0.2.1+1\amd64\ucrtbase.dll
0x00007ffc53d40000 - 0x00007ffc53d5b000 	C:\Users\Admin\.openjfx\cache\19.0.2.1+1\amd64\vcruntime140.dll
0x00007ffc53cb0000 - 0x00007ffc53cbc000 	C:\Users\Admin\.openjfx\cache\19.0.2.1+1\amd64\vcruntime140_1.dll
0x00007ffc2ba70000 - 0x00007ffc2bafe000 	C:\Users\Admin\.openjfx\cache\19.0.2.1+1\amd64\msvcp140.dll
0x00007ffc53850000 - 0x00007ffc53859000 	C:\Users\Admin\.openjfx\cache\19.0.2.1+1\amd64\msvcp140_1.dll
0x00007ffc536d0000 - 0x00007ffc53700000 	C:\Users\Admin\.openjfx\cache\19.0.2.1+1\amd64\msvcp140_2.dll
0x00007ffc4ce30000 - 0x00007ffc4ce5c000 	C:\Users\Admin\.openjfx\cache\19.0.2.1+1\amd64\prism_d3d.dll
0x00007ffc262e0000 - 0x00007ffc26489000 	C:\Windows\system32\d3d9.dll
0x00007ffc60a10000 - 0x00007ffc60a3b000 	C:\Windows\SYSTEM32\dwmapi.dll
0x00007ffc608c0000 - 0x00007ffc608f8000 	C:\Windows\SYSTEM32\dxcore.dll
0x00007ffc607a0000 - 0x00007ffc6084b000 	C:\Windows\system32\uxtheme.dll
0x00007ffc2c8b0000 - 0x00007ffc2ca6b000 	C:\Windows\System32\DriverStore\FileRepository\iigd_dch.inf_amd64_8a4323c80a901a5c\igdumdim64.dll
0x00007ffc64c00000 - 0x00007ffc64d9c000 	C:\Windows\System32\ole32.dll
0x00007ffbec7c0000 - 0x00007ffbf1a88000 	C:\Windows\System32\DriverStore\FileRepository\iigd_dch.inf_amd64_8a4323c80a901a5c\igd9dxva64.dll
0x00007ffc64fd0000 - 0x00007ffc65444000 	C:\Windows\System32\SETUPAPI.dll
0x00007ffc63520000 - 0x00007ffc6356e000 	C:\Windows\SYSTEM32\cfgmgr32.dll
0x00007ffc563b0000 - 0x00007ffc567c2000 	C:\Windows\System32\DriverStore\FileRepository\iigd_dch.inf_amd64_8a4323c80a901a5c\igdgmm64.dll
0x00007ffc5b950000 - 0x00007ffc5b99a000 	C:\Windows\SYSTEM32\directxdatabasehelper.dll
0x00007ffc34630000 - 0x00007ffc34672000 	C:\Users\Admin\.openjfx\cache\19.0.2.1+1\amd64\glass.dll
0x00007ffc65c40000 - 0x00007ffc65d37000 	C:\Windows\System32\COMDLG32.dll
0x00007ffc65d40000 - 0x00007ffc65e67000 	C:\Windows\System32\MSCTF.dll
0x00007ffc28d10000 - 0x00007ffc28d37000 	C:\Windows\System32\DriverStore\FileRepository\iigd_dch.inf_amd64_8a4323c80a901a5c\igdinfo64.dll
0x00007ffc4d880000 - 0x00007ffc51d6a000 	C:\Windows\System32\DriverStore\FileRepository\iigd_dch.inf_amd64_8a4323c80a901a5c\igc64.dll
0x00007ffc4d530000 - 0x00007ffc4d544000 	C:\Users\Admin\.openjfx\cache\19.0.2.1+1\amd64\javafx_font.dll
0x00007ffc5f230000 - 0x00007ffc5f497000 	C:\Windows\SYSTEM32\dwrite.dll
0x00007ffc65f10000 - 0x00007ffc65fc0000 	C:\Windows\System32\clbcatq.dll
0x00007ffc5ec90000 - 0x00007ffc5ee40000 	C:\Windows\SYSTEM32\WindowsCodecs.dll
0x00007ffc1ea90000 - 0x00007ffc1eaee000 	C:\Windows\system32\dataexchange.dll
0x00007ffc59500000 - 0x00007ffc5976e000 	C:\Windows\system32\twinapi.appcore.dll
0x00007ffc35d90000 - 0x00007ffc35dc2000 	C:\Program Files\Common Files\Microsoft Shared\Ink\rtscom.dll
0x00007ffc52430000 - 0x00007ffc5255d000 	C:\Windows\SYSTEM32\textinputframework.dll
0x00007ffc60330000 - 0x00007ffc60463000 	C:\Windows\SYSTEM32\CoreMessaging.dll
0x00007ffc5b2b0000 - 0x00007ffc5b61c000 	C:\Windows\SYSTEM32\CoreUIComponents.dll
0x00007ffc62fa0000 - 0x00007ffc62fac000 	C:\Windows\SYSTEM32\CRYPTBASE.DLL
0x00007ffc5f4a0000 - 0x00007ffc5fa61000 	C:\Windows\SYSTEM32\d2d1.dll
0x00007ffc5fa70000 - 0x00007ffc5fcc7000 	C:\Windows\SYSTEM32\d3d11.dll
0x00007ffc60900000 - 0x00007ffc609f8000 	C:\Windows\SYSTEM32\dxgi.dll
0x00007ffc5a8f0000 - 0x00007ffc5b001000 	C:\Windows\SYSTEM32\D3D10Warp.dll
0x00007ffc2c180000 - 0x00007ffc2c1a5000 	C:\Users\Admin\.jdks\corretto-11.0.19\bin\sunec.dll

dbghelp: loaded successfully - version: 4.0.5 - missing functions: none
symbol engine: initialized successfully - sym options: 0x614 - pdb path: .;C:\Users\Admin\.jdks\corretto-11.0.19\bin;C:\Windows\SYSTEM32;C:\Windows\WinSxS\amd64_microsoft.windows.common-controls_6595b64144ccf1df_6.0.22621.2070_none_2713e6537381f706;C:\Users\Admin\.jdks\corretto-11.0.19\bin\server;C:\Users\Admin\.openjfx\cache\19.0.2.1+1\amd64;C:\Windows\System32\DriverStore\FileRepository\iigd_dch.inf_amd64_8a4323c80a901a5c;C:\Program Files\Common Files\Microsoft Shared\Ink

VM Arguments:
jvm_args: -agentlib:jdwp=transport=dt_socket,address=127.0.0.1:49975,suspend=y,server=n -javaagent:C:\Users\Admin\AppData\Local\JetBrains\IntelliJIdea2023.1\captureAgent\debugger-agent.jar -Dfile.encoding=UTF-8 --module-path=C:\Users\Admin\.m2\repository\org\openjfx\javafx-fxml\19.0.2.1\javafx-fxml-19.0.2.1-win.jar;C:\Users\Admin\.m2\repository\org\jetbrains\kotlin\kotlin-stdlib\1.5.10\kotlin-stdlib-1.5.10-modular.jar;C:\Users\Admin\.m2\repository\org\jetbrains\kotlin\kotlin-stdlib\1.6.20\kotlin-stdlib-1.6.20.jar;C:\Users\Admin\.m2\repository\com\fasterxml\jackson\core\jackson-core\2.14.2\jackson-core-2.14.2.jar;C:\Users\Admin\.m2\repository\org\apache\httpcomponents\httpmime\4.5.14\httpmime-4.5.14.jar;C:\Users\Admin\.m2\repository\org\kordamp\bootstrapfx\bootstrapfx-core\0.4.0\bootstrapfx-core-0.4.0.jar;C:\Users\Admin\.m2\repository\org\openjfx\javafx-web\19.0.2.1\javafx-web-19.0.2.1-win.jar;C:\Users\Admin\.m2\repository\com\github\almasb\fxgl-entity\11.17\fxgl-entity-11.17.jar;C:\Users\Admin\.m2\repository\commons-codec\commons-codec\1.11\commons-codec-1.11.jar;C:\Users\Admin\.m2\repository\org\projectlombok\lombok-mapstruct-binding\0.2.0\lombok-mapstruct-binding-0.2.0.jar;C:\Users\Admin\.m2\repository\com\fasterxml\jackson\core\jackson-databind\2.14.2\jackson-databind-2.14.2.jar;C:\Users\Admin\.m2\repository\com\squareup\okhttp3\okhttp\4.11.0\okhttp-4.11.0.jar;C:\Users\Admin\.m2\repository\org\kordamp\ikonli\ikonli-javafx\12.3.1\ikonli-javafx-12.3.1.jar;C:\Users\Admin\.m2\repository\com\gluonhq\attach\storage\4.0.9\storage-4.0.9.jar;C:\Users\Admin\.m2\repository\com\github\almasb\fxgl-gameplay\11.17\fxgl-gameplay-11.17.jar;C:\Users\Admin\.m2\repository\de\jensd\fontawesomefx-commons\9.1.2\fontawesomefx-commons-9.1.2.jar;C:\Users\Admin\.m2\repository\com\gluonhq\attach\lifecycle\4.0.9\lifecycle-4.0.9.jar;C:\Users\Admin\.m2\repository\org\openjfx\javafx-graphics\19.0.2.1\javafx-graphics-19.0.2.1-win.jar;C:\Users\Admin\.m2\repository\org\json\json\20230227\json-20230227.jar;C:\Users\Admin\.m2\repository\org\openjfx\javafx-base\19.0.2.1\javafx-base-19.0.2.1-win.jar;C:\Users\Admin\.m2\repository\commons-io\commons-io\2.11.0\commons-io-2.11.0.jar;C:\Users\Admin\.m2\repositor-Djdk.module.main=com.app20222.app20222_fxapp 
java_command: com.app20222.app20222_fxapp/com.app20222.app20222_fxapp.MainApplication
java_class_path (initial): C:\Users\Admin\.m2\repository\org\openjfx\javafx-controls\19.0.2.1\javafx-controls-19.0.2.1.jar;C:\Users\Admin\.m2\repository\org\openjfx\javafx-graphics\19.0.2.1\javafx-graphics-19.0.2.1.jar;C:\Users\Admin\.m2\repository\org\openjfx\javafx-base\19.0.2.1\javafx-base-19.0.2.1.jar;C:\Users\Admin\.m2\repository\org\openjfx\javafx-fxml\19.0.2.1\javafx-fxml-19.0.2.1.jar;C:\Users\Admin\.m2\repository\org\openjfx\javafx-web\19.0.2.1\javafx-web-19.0.2.1.jar;C:\Users\Admin\.m2\repository\org\openjfx\javafx-media\19.0.2.1\javafx-media-19.0.2.1.jar;C:\Users\Admin\.m2\repository\org\jetbrains\annotations\13.0\annotations-13.0.jar;C:\Users\Admin\.m2\repository\org\jetbrains\kotlin\kotlin-stdlib-common\1.5.10\kotlin-stdlib-common-1.5.10.jar;C:\Users\Admin\.m2\repository\commons-logging\commons-logging\1.2\commons-logging-1.2.jar;C:\Users\Admin\.m2\repository\com\squareup\okio\okio\3.2.0\okio-3.2.0.jar;C:\Users\Admin\.m2\repository\com\squareup\okio\okio-jvm\3.2.0\okio-jvm-3.2.0.jar;C:\Users\Admin\.m2\repository\org\jetbrains\kotlin\kotlin-stdlib-jdk8\1.6.20\kotlin-stdlib-jdk8-1.6.20.jar;C:\Users\Admin\.m2\repository\org\jetbrains\kotlin\kotlin-stdlib-jdk7\1.6.20\kotlin-stdlib-jdk7-1.6.20.jar;C:\Users\Admin\.m2\repository\com\google\guava\failureaccess\1.0.1\failureaccess-1.0.1.jar;C:\Users\Admin\.m2\repository\com\google\guava\listenablefuture\9999.0-empty-to-avoid-conflict-with-guava\listenablefuture-9999.0-empty-to-avoid-conflict-with-guava.jar;C:\Users\Admin\.m2\repository\com\google\code\findbugs\jsr305\3.0.2\jsr305-3.0.2.jar;C:\Users\Admin\.m2\repository\org\checkerframework\checker-qual\3.12.0\checker-qual-3.12.0.jar;C:\Users\Admin\.m2\repository\com\google\errorprone\error_prone_annotations\2.11.0\error_prone_annotations-2.11.0.jar;C:\Users\Admin\.m2\repository\com\google\j2objc\j2objc-annotations\1.3\j2objc-annotations-1.3.jar;C:\Users\Admin\.m2\repository\io\opencensus\opencensus-api\0.31.1\opencensus-api-0.31.1.jar;C:\Users\Admin\.m2\reposit
Launcher Type: SUN_STANDARD

[Global flags]
     intx CICompilerCount                          = 4                                         {product} {ergonomic}
     uint ConcGCThreads                            = 2                                         {product} {ergonomic}
     uint G1ConcRefinementThreads                  = 8                                         {product} {ergonomic}
   size_t G1HeapRegionSize                         = 1048576                                   {product} {ergonomic}
    uintx GCDrainStackTargetSize                   = 64                                        {product} {ergonomic}
   size_t InitialHeapSize                          = 264241152                                 {product} {ergonomic}
   size_t MarkStackSize                            = 4194304                                   {product} {ergonomic}
   size_t MaxHeapSize                              = 4227858432                                {product} {ergonomic}
   size_t MaxNewSize                               = 2536505344                                {product} {ergonomic}
   size_t MinHeapDeltaBytes                        = 1048576                                   {product} {ergonomic}
    uintx NonNMethodCodeHeapSize                   = 5836300                                {pd product} {ergonomic}
    uintx NonProfiledCodeHeapSize                  = 122910970                              {pd product} {ergonomic}
    uintx ProfiledCodeHeapSize                     = 122910970                              {pd product} {ergonomic}
    uintx ReservedCodeCacheSize                    = 251658240                              {pd product} {ergonomic}
     bool SegmentedCodeCache                       = true                                      {product} {ergonomic}
     bool UseCompressedClassPointers               = true                                 {lp64_product} {ergonomic}
     bool UseCompressedOops                        = true                                 {lp64_product} {ergonomic}
     bool UseG1GC                                  = true                                      {product} {ergonomic}
     bool UseLargePagesIndividualAllocation        = false                                  {pd product} {ergonomic}

Logging:
Log output configuration:
 #0: stdout all=warning uptime,level,tags
 #1: stderr all=off uptime,level,tags

Environment Variables:
JAVA_HOME=C:\Program Files\Eclipse Adoptium\jdk-17
PATH=%JAVA_HOME%\bin;C:\Python311\Scripts\;C:\Python311\;C:\Program Files\Common Files\Oracle\Java\javapath;C:\Windows\system32;C:\Windows;C:\Windows\System32\Wbem;C:\Windows\System32\WindowsPowerShell\v1.0\;C:\Windows\System32\OpenSSH\;C:\Program Files\dotnet\;C:\Program Files\Git\cmd;C:\ProgramData\chocolatey\bin;%ANDROID_HOME%\platform-tools;%ANDROID_HOME%\tools;C:\ProgramData\nvm;C:\Program Files\nodejs;C:\Program Files (x86)\STMicroelectronics\STM32 ST-LINK Utility\ST-LINK Utility;C:\Program Files\MySQL\MySQL Shell 8.0\bin\;C:\Users\Admin\AppData\Local\Microsoft\WindowsApps;C:\Users\Admin\AppData\Local\Programs\Microsoft VS Code\bin;C:\Users\Admin\AppData\Roaming\npm
USERNAME=Admin
OS=Windows_NT
PROCESSOR_IDENTIFIER=Intel64 Family 6 Model 140 Stepping 1, GenuineIntel
TMP=C:\Users\Admin\AppData\Local\Temp
TEMP=C:\Users\Admin\AppData\Local\Temp



---------------  S Y S T E M  ---------------

OS: Windows 11 , 64 bit Build 22621 (10.0.22621.2070)
OS uptime: 0 days 21:27 hours
Hyper-V role detected

CPU:total 8 (initial active 8) (4 cores per cpu, 2 threads per core) family 6 model 140 stepping 1 microcode 0xa4, cmov, cx8, fxsr, mmx, sse, sse2, sse3, ssse3, sse4.1, sse4.2, popcnt, avx, avx2, aes, clmul, erms, 3dnowpref, lzcnt, ht, tsc, tscinvbit, bmi1, bmi2, adx, evex, sha, fma

Memory: 4k page, system-wide physical 16126M (2357M free)
TotalPageFile size 28414M (AvailPageFile size 10649M)
current process WorkingSet (physical memory assigned to process): 423M, peak: 465M
current process commit charge ("private bytes"): 586M, peak: 639M

vm_info: OpenJDK 64-Bit Server VM (11.0.19+7-LTS) for windows-amd64 JRE (11.0.19+7-LTS), built on Apr 13 2023 22:56:25 by "Administrator" with MS VC++ 15.9 (VS2017)

END.
